#
# There is insufficient memory for the Java Runtime Environment to continue.
# Native memory allocation (malloc) failed to allocate 449168 bytes for Chunk::new
# Possible reasons:
#   The system is out of physical RAM or swap space
#   The process is running with CompressedOops enabled, and the Java Heap may be blocking the growth of the native heap
# Possible solutions:
#   Reduce memory load on the system
#   Increase physical memory or swap space
#   Check if swap backing store is full
#   Decrease Java heap size (-Xmx/-Xms)
#   Decrease number of Java threads
#   Decrease Java thread stack sizes (-Xss)
#   Set larger code cache with -XX:ReservedCodeCacheSize=
#   JVM is running with Unscaled Compressed Oops mode in which the Java heap is
#     placed in the first 4GB address space. The Java Heap base address is the
#     maximum limit for the native heap growth. Please use -XX:HeapBaseMinAddress
#     to set the Java Heap base and to place the Java Heap above 4GB virtual address.
# This output file may be truncated or incomplete.
#
#  Out of Memory Error (arena.cpp:184), pid=12044, tid=19932
#
# JRE version: Java(TM) SE Runtime Environment (18.0.2.1+1) (build 18.0.2.1+1-1)
# Java VM: Java HotSpot(TM) 64-Bit Server VM (18.0.2.1+1-1, mixed mode, sharing, tiered, compressed oops, compressed class ptrs, g1 gc, windows-amd64)
# No core dump will be written. Minidumps are not enabled by default on client versions of Windows
#

---------------  S U M M A R Y ------------

Command Line: -XX:MaxMetaspaceSize=512m --add-opens=java.base/java.util=ALL-UNNAMED --add-opens=java.base/java.lang=ALL-UNNAMED --add-opens=java.base/java.lang.invoke=ALL-UNNAMED --add-opens=java.prefs/java.util.prefs=ALL-UNNAMED --add-opens=java.base/java.nio.charset=ALL-UNNAMED --add-opens=java.base/java.net=ALL-UNNAMED --add-opens=java.base/java.util.concurrent.atomic=ALL-UNNAMED -Xmx2048m -Dfile.encoding=UTF-8 -Duser.country=US -Duser.language=en -Duser.variant -javaagent:C:\Users\duykhanh\.gradle\wrapper\dists\gradle-8.3-all\6en3ugtfdg5xnpx44z4qbwgas\gradle-8.3\lib\agents\gradle-instrumentation-agent-8.3.jar org.gradle.launcher.daemon.bootstrap.GradleDaemon 8.3

Host: Intel(R) Core(TM) i5-10300H CPU @ 2.50GHz, 8 cores, 7G,  Windows 11 , 64 bit Build 22000 (10.0.22000.1516)
Time: Thu Mar 21 09:44:31 2024 SE Asia Standard Time elapsed time: 102.464900 seconds (0d 0h 1m 42s)

---------------  T H R E A D  ---------------

Current thread (0x00000290a00a9da0):  JavaThread "C2 CompilerThread0" daemon [_thread_in_native, id=19932, stack(0x000000e4cb300000,0x000000e4cb400000)]


Current CompileTask:
C2: 102465 6684       4       jdk.internal.loader.URLClassPath::getResource (74 bytes)

Stack: [0x000000e4cb300000,0x000000e4cb400000]
Native frames: (J=compiled Java code, j=interpreted, Vv=VM code, C=native code)
V  [jvm.dll+0x6993aa]
V  [jvm.dll+0x7f46dd]
V  [jvm.dll+0x7f5fee]
V  [jvm.dll+0x7f66a3]
V  [jvm.dll+0x25cf1f]
V  [jvm.dll+0xb8c2f]
V  [jvm.dll+0xb8fa5]
V  [jvm.dll+0x3860cb]
V  [jvm.dll+0x34fe71]
V  [jvm.dll+0x34f30a]
V  [jvm.dll+0x230101]
V  [jvm.dll+0x22f4d1]
V  [jvm.dll+0x1ba01c]
V  [jvm.dll+0x23ee0a]
V  [jvm.dll+0x23d0f5]
V  [jvm.dll+0x7a6dd1]
V  [jvm.dll+0x7a120a]
V  [jvm.dll+0x698255]
C  [ucrtbase.dll+0x26c0c]
C  [KERNEL32.DLL+0x155a0]
C  [ntdll.dll+0x485b]


---------------  P R O C E S S  ---------------

Threads class SMR info:
_java_thread_list=0x00000290a65e6e30, length=54, elements={
0x0000029081e4ad30, 0x00000290a008ebd0, 0x00000290a008f570, 0x00000290a00a53e0,
0x00000290a00a7d90, 0x00000290a00a8730, 0x00000290a00a90d0, 0x00000290a00a9da0,
0x00000290a00aa780, 0x00000290a00c93c0, 0x00000290a4473720, 0x00000290a455e990,
0x00000290a4ec1c10, 0x00000290a443f520, 0x00000290a52fb6c0, 0x00000290a4f10480,
0x00000290a5e444a0, 0x00000290a4fbe880, 0x00000290a4fbed50, 0x00000290a4fbd540,
0x00000290a4fbb390, 0x00000290a4fbda10, 0x00000290a4fbbd30, 0x00000290a4fbb860,
0x00000290a4fbe3b0, 0x00000290a4fbc6d0, 0x00000290a4fbcba0, 0x00000290a4fbd070,
0x00000290a6bb6460, 0x00000290a6bb2f70, 0x00000290a6bb8ae0, 0x00000290a6bb72d0,
0x00000290a6bb9480, 0x00000290a6bb3440, 0x00000290a6bb3de0, 0x00000290a6bb3910,
0x00000290a6bb42b0, 0x00000290a6bb4780, 0x00000290a6bb6930, 0x00000290a6bb77a0,
0x00000290a6bb9e20, 0x00000290a6bb9950, 0x00000290a6bba2f0, 0x00000290a6bb8140,
0x00000290a6bb7c70, 0x00000290a6bb4c50, 0x00000290a6bba7c0, 0x00000290a6bb55f0,
0x00000290a6bb6e00, 0x00000290a6bb5f90, 0x00000290a4fbc200, 0x00000290a7758940,
0x00000290a7753c40, 0x00000290a7752900
}

Java Threads: ( => current thread )
  0x0000029081e4ad30 JavaThread "main" [_thread_blocked, id=6048, stack(0x000000e4ca500000,0x000000e4ca600000)]
  0x00000290a008ebd0 JavaThread "Reference Handler" daemon [_thread_blocked, id=20780, stack(0x000000e4cac00000,0x000000e4cad00000)]
  0x00000290a008f570 JavaThread "Finalizer" daemon [_thread_blocked, id=18548, stack(0x000000e4cad00000,0x000000e4cae00000)]
  0x00000290a00a53e0 JavaThread "Signal Dispatcher" daemon [_thread_blocked, id=19132, stack(0x000000e4caf00000,0x000000e4cb000000)]
  0x00000290a00a7d90 JavaThread "Attach Listener" daemon [_thread_blocked, id=21288, stack(0x000000e4cb000000,0x000000e4cb100000)]
  0x00000290a00a8730 JavaThread "Service Thread" daemon [_thread_blocked, id=21012, stack(0x000000e4cb100000,0x000000e4cb200000)]
  0x00000290a00a90d0 JavaThread "Monitor Deflation Thread" daemon [_thread_blocked, id=21344, stack(0x000000e4cb200000,0x000000e4cb300000)]
=>0x00000290a00a9da0 JavaThread "C2 CompilerThread0" daemon [_thread_in_native, id=19932, stack(0x000000e4cb300000,0x000000e4cb400000)]
  0x00000290a00aa780 JavaThread "C1 CompilerThread0" daemon [_thread_blocked, id=8120, stack(0x000000e4cb400000,0x000000e4cb500000)]
  0x00000290a00c93c0 JavaThread "Sweeper thread" daemon [_thread_blocked, id=20824, stack(0x000000e4cb500000,0x000000e4cb600000)]
  0x00000290a4473720 JavaThread "Common-Cleaner" daemon [_thread_blocked, id=11288, stack(0x000000e4cb600000,0x000000e4cb700000)]
  0x00000290a455e990 JavaThread "Notification Thread" daemon [_thread_blocked, id=1524, stack(0x000000e4cb700000,0x000000e4cb800000)]
  0x00000290a4ec1c10 JavaThread "Daemon health stats" [_thread_blocked, id=7004, stack(0x000000e4cbd00000,0x000000e4cbe00000)]
  0x00000290a443f520 JavaThread "Incoming local TCP Connector on port 56814" [_thread_in_native, id=15188, stack(0x000000e4cbe00000,0x000000e4cbf00000)]
  0x00000290a52fb6c0 JavaThread "Daemon periodic checks" [_thread_blocked, id=19300, stack(0x000000e4cbf00000,0x000000e4cc000000)]
  0x00000290a4f10480 JavaThread "Daemon" [_thread_blocked, id=15980, stack(0x000000e4cc000000,0x000000e4cc100000)]
  0x00000290a5e444a0 JavaThread "Handler for socket connection from /127.0.0.1:56814 to /127.0.0.1:56816" [_thread_in_native, id=10916, stack(0x000000e4cc100000,0x000000e4cc200000)]
  0x00000290a4fbe880 JavaThread "Cancel handler" [_thread_blocked, id=16140, stack(0x000000e4cc200000,0x000000e4cc300000)]
  0x00000290a4fbed50 JavaThread "Daemon worker" [_thread_in_Java, id=9616, stack(0x000000e4cc300000,0x000000e4cc400000)]
  0x00000290a4fbd540 JavaThread "Asynchronous log dispatcher for DefaultDaemonConnection: socket connection from /127.0.0.1:56814 to /127.0.0.1:56816" [_thread_blocked, id=21464, stack(0x000000e4cc400000,0x000000e4cc500000)]
  0x00000290a4fbb390 JavaThread "Stdin handler" [_thread_blocked, id=16320, stack(0x000000e4cc500000,0x000000e4cc600000)]
  0x00000290a4fbda10 JavaThread "Daemon client event forwarder" [_thread_blocked, id=16388, stack(0x000000e4cc600000,0x000000e4cc700000)]
  0x00000290a4fbbd30 JavaThread "Cache worker for journal cache (C:\Users\duykhanh\.gradle\caches\journal-1)" [_thread_blocked, id=2740, stack(0x000000e4cc700000,0x000000e4cc800000)]
  0x00000290a4fbb860 JavaThread "File lock request listener" [_thread_in_native, id=15416, stack(0x000000e4cc800000,0x000000e4cc900000)]
  0x00000290a4fbe3b0 JavaThread "Cache worker for file hash cache (C:\Users\duykhanh\.gradle\caches\8.3\fileHashes)" [_thread_blocked, id=8632, stack(0x000000e4cc900000,0x000000e4cca00000)]
  0x00000290a4fbc6d0 JavaThread "File watcher server" daemon [_thread_in_native, id=2448, stack(0x000000e4ccd00000,0x000000e4cce00000)]
  0x00000290a4fbcba0 JavaThread "File watcher consumer" daemon [_thread_blocked, id=3328, stack(0x000000e4cce00000,0x000000e4ccf00000)]
  0x00000290a4fbd070 JavaThread "Cache worker for checksums cache (C:\Users\duykhanh\Downloads\project\Aloca-Application\android\.gradle\8.3\checksums)" [_thread_blocked, id=21492, stack(0x000000e4cd000000,0x000000e4cd100000)]
  0x00000290a6bb6460 JavaThread "Cache worker for file hash cache (C:\Users\duykhanh\Downloads\project\Aloca-Application\android\.gradle\8.3\fileHashes)" [_thread_blocked, id=20956, stack(0x000000e4cd100000,0x000000e4cd200000)]
  0x00000290a6bb2f70 JavaThread "Cache worker for cache directory md-supplier (C:\Users\duykhanh\.gradle\caches\8.3\md-supplier)" [_thread_blocked, id=20912, stack(0x000000e4cd200000,0x000000e4cd300000)]
  0x00000290a6bb8ae0 JavaThread "Cache worker for file content cache (C:\Users\duykhanh\.gradle\caches\8.3\fileContent)" [_thread_blocked, id=13368, stack(0x000000e4cd300000,0x000000e4cd400000)]
  0x00000290a6bb72d0 JavaThread "Cache worker for cache directory md-rule (C:\Users\duykhanh\.gradle\caches\8.3\md-rule)" [_thread_blocked, id=12596, stack(0x000000e4cd400000,0x000000e4cd500000)]
  0x00000290a6bb9480 JavaThread "Cache worker for execution history cache (C:\Users\duykhanh\.gradle\caches\8.3\executionHistory)" [_thread_blocked, id=4668, stack(0x000000e4cd500000,0x000000e4cd600000)]
  0x00000290a6bb3440 JavaThread "jar transforms" [_thread_blocked, id=7996, stack(0x000000e4cd600000,0x000000e4cd700000)]
  0x00000290a6bb3de0 JavaThread "jar transforms Thread 2" [_thread_blocked, id=6280, stack(0x000000e4cd700000,0x000000e4cd800000)]
  0x00000290a6bb3910 JavaThread "jar transforms Thread 3" [_thread_blocked, id=12876, stack(0x000000e4cd800000,0x000000e4cd900000)]
  0x00000290a6bb42b0 JavaThread "jar transforms Thread 4" [_thread_blocked, id=14932, stack(0x000000e4cd900000,0x000000e4cda00000)]
  0x00000290a6bb4780 JavaThread "Cache worker for kotlin-dsl (C:\Users\duykhanh\.gradle\caches\8.3\kotlin-dsl)" [_thread_blocked, id=12540, stack(0x000000e4ca300000,0x000000e4ca400000)]
  0x00000290a6bb6930 JavaThread "jar transforms Thread 5" [_thread_blocked, id=20664, stack(0x000000e4ca400000,0x000000e4ca500000)]
  0x00000290a6bb77a0 JavaThread "jar transforms Thread 6" [_thread_blocked, id=20916, stack(0x000000e4cae00000,0x000000e4caf00000)]
  0x00000290a6bb9e20 JavaThread "Unconstrained build operations" [_thread_blocked, id=18232, stack(0x000000e4cdc00000,0x000000e4cdd00000)]
  0x00000290a6bb9950 JavaThread "Unconstrained build operations Thread 2" [_thread_blocked, id=6796, stack(0x000000e4cdd00000,0x000000e4cde00000)]
  0x00000290a6bba2f0 JavaThread "jar transforms Thread 7" [_thread_blocked, id=12476, stack(0x000000e4cde00000,0x000000e4cdf00000)]
  0x00000290a6bb8140 JavaThread "jar transforms Thread 8" [_thread_blocked, id=21164, stack(0x000000e4cdf00000,0x000000e4ce000000)]
  0x00000290a6bb7c70 JavaThread "Cache worker for dependencies-accessors (C:\Users\duykhanh\Downloads\project\Aloca-Application\android\.gradle\8.3\dependencies-accessors)" [_thread_blocked, id=20852, stack(0x000000e4ce000000,0x000000e4ce100000)]
  0x00000290a6bb4c50 JavaThread "Cache worker for Build Output Cleanup Cache (C:\Users\duykhanh\Downloads\project\Aloca-Application\node_modules\@react-native\gradle-plugin\.gradle\buildOutputCleanup)" [_thread_blocked, id=18108, stack(0x000000e4ce100000,0x000000e4ce200000)]
  0x00000290a6bba7c0 JavaThread "Unconstrained build operations Thread 3" [_thread_blocked, id=4852, stack(0x000000e4ce200000,0x000000e4ce300000)]
  0x00000290a6bb55f0 JavaThread "Unconstrained build operations Thread 4" [_thread_blocked, id=19080, stack(0x000000e4ce300000,0x000000e4ce400000)]
  0x00000290a6bb6e00 JavaThread "Unconstrained build operations Thread 5" [_thread_blocked, id=4000, stack(0x000000e4ce400000,0x000000e4ce500000)]
  0x00000290a6bb5f90 JavaThread "Unconstrained build operations Thread 6" [_thread_blocked, id=5500, stack(0x000000e4ce500000,0x000000e4ce600000)]
  0x00000290a4fbc200 JavaThread "Unconstrained build operations Thread 7" [_thread_blocked, id=5032, stack(0x000000e4ce600000,0x000000e4ce700000)]
  0x00000290a7758940 JavaThread "Unconstrained build operations Thread 8" [_thread_blocked, id=17536, stack(0x000000e4ce700000,0x000000e4ce800000)]
  0x00000290a7753c40 JavaThread "Unconstrained build operations Thread 9" [_thread_blocked, id=15816, stack(0x000000e4ce800000,0x000000e4ce900000)]
  0x00000290a7752900 JavaThread "Memory manager" [_thread_blocked, id=20552, stack(0x000000e4ce900000,0x000000e4cea00000)]

Other Threads:
  0x0000029081ec4ff0 VMThread "VM Thread" [stack: 0x000000e4cab00000,0x000000e4cac00000] [id=20488]
  0x00000290a4544120 WatcherThread "VM Periodic Task Thread" [stack: 0x000000e4cb800000,0x000000e4cb900000] [id=20892]
  0x0000029081eaaea0 WorkerThread "GC Thread#0" [stack: 0x000000e4ca600000,0x000000e4ca700000] [id=20968]
  0x00000290a4d3b600 WorkerThread "GC Thread#1" [stack: 0x000000e4cb900000,0x000000e4cba00000] [id=21200]
  0x00000290a4d3b8a0 WorkerThread "GC Thread#2" [stack: 0x000000e4cba00000,0x000000e4cbb00000] [id=1804]
  0x00000290a4e33ef0 WorkerThread "GC Thread#3" [stack: 0x000000e4cbb00000,0x000000e4cbc00000] [id=9016]
  0x00000290a4d6cef0 WorkerThread "GC Thread#4" [stack: 0x000000e4cbc00000,0x000000e4cbd00000] [id=5424]
  0x00000290a67c6d20 WorkerThread "GC Thread#5" [stack: 0x000000e4cca00000,0x000000e4ccb00000] [id=20996]
  0x00000290a587dac0 WorkerThread "GC Thread#6" [stack: 0x000000e4ccb00000,0x000000e4ccc00000] [id=15780]
  0x00000290a5d9c2d0 WorkerThread "GC Thread#7" [stack: 0x000000e4ccc00000,0x000000e4ccd00000] [id=18888]
  0x0000029081ebcf40 ConcurrentGCThread "G1 Main Marker" [stack: 0x000000e4ca700000,0x000000e4ca800000] [id=11388]
  0x0000029081ebf0e0 WorkerThread "G1 Conc#0" [stack: 0x000000e4ca800000,0x000000e4ca900000] [id=20984]
  0x00000290a6caab50 WorkerThread "G1 Conc#1" [stack: 0x000000e4ccf00000,0x000000e4cd000000] [id=12556]
  0x0000029081f0eaf0 ConcurrentGCThread "G1 Refine#0" [stack: 0x000000e4ca900000,0x000000e4caa00000] [id=20776]
  0x000002909ff41740 ConcurrentGCThread "G1 Service" [stack: 0x000000e4caa00000,0x000000e4cab00000] [id=15812]

Threads with active compile tasks:
C2 CompilerThread0   102511 6684       4       jdk.internal.loader.URLClassPath::getResource (74 bytes)

VM state: not at safepoint (normal execution)

VM Mutex/Monitor currently owned by a thread: None

Heap address: 0x0000000080000000, size: 2048 MB, Compressed Oops mode: 32-bit

CDS archive(s) mapped at: [0x0000000800000000-0x0000000800ba0000-0x0000000800ba0000), size 12189696, SharedBaseAddress: 0x0000000800000000, ArchiveRelocationMode: 0.
Compressed class space mapped at: 0x0000000800c00000-0x000000081a800000, reserved size: 432013312
Narrow klass base: 0x0000000800000000, Narrow klass shift: 0, Narrow klass range: 0x100000000

GC Precious Log:
 CardTable entry size: 512
 Card Set container configuration: InlinePtr #cards 5 size 8 Array Of Cards #cards 12 size 40 Howl #buckets 4 coarsen threshold 1843 Howl Bitmap #cards 512 size 80 coarsen threshold 460 Card regions per heap region 1 cards per card region 2048
 CPUs: 8 total, 8 available
 Memory: 8029M
 Large Page Support: Disabled
 NUMA Support: Disabled
 Compressed Oops: Enabled (32-bit)
 Heap Region Size: 1M
 Heap Min Capacity: 8M
 Heap Initial Capacity: 126M
 Heap Max Capacity: 2G
 Pre-touch: Disabled
 Parallel Workers: 8
 Concurrent Workers: 2
 Concurrent Refinement Workers: 8
 Periodic GC: Disabled

Heap:
 garbage-first heap   total 113664K, used 82796K [0x0000000080000000, 0x0000000100000000)
  region size 1024K, 24 young (24576K), 1 survivors (1024K)
 Metaspace       used 58786K, committed 60608K, reserved 487424K
  class space    used 8331K, committed 9280K, reserved 421888K

Heap Regions: E=young(eden), S=young(survivor), O=old, HS=humongous(starts), HC=humongous(continues), CS=collection set, F=free, OA=open archive, CA=closed archive, TAMS=top-at-mark-start (previous, next)
|   0|0x0000000080000000, 0x0000000080100000, 0x0000000080100000|100%|HS|  |TAMS 0x0000000080100000, 0x0000000080000000| Complete 
|   1|0x0000000080100000, 0x0000000080200000, 0x0000000080200000|100%|HC|  |TAMS 0x0000000080200000, 0x0000000080100000| Complete 
|   2|0x0000000080200000, 0x0000000080300000, 0x0000000080300000|100%|HC|  |TAMS 0x0000000080300000, 0x0000000080200000| Complete 
|   3|0x0000000080300000, 0x0000000080400000, 0x0000000080400000|100%|HC|  |TAMS 0x0000000080400000, 0x0000000080300000| Complete 
|   4|0x0000000080400000, 0x0000000080500000, 0x0000000080500000|100%| O|  |TAMS 0x0000000080500000, 0x0000000080400000| Untracked 
|   5|0x0000000080500000, 0x0000000080600000, 0x0000000080600000|100%| O|  |TAMS 0x0000000080600000, 0x0000000080500000| Untracked 
|   6|0x0000000080600000, 0x0000000080700000, 0x0000000080700000|100%| O|  |TAMS 0x0000000080700000, 0x0000000080600000| Untracked 
|   7|0x0000000080700000, 0x0000000080800000, 0x0000000080800000|100%| O|  |TAMS 0x0000000080800000, 0x0000000080700000| Untracked 
|   8|0x0000000080800000, 0x0000000080900000, 0x0000000080900000|100%| O|  |TAMS 0x0000000080900000, 0x0000000080800000| Untracked 
|   9|0x0000000080900000, 0x0000000080a00000, 0x0000000080a00000|100%| O|  |TAMS 0x0000000080a00000, 0x0000000080900000| Untracked 
|  10|0x0000000080a00000, 0x0000000080b00000, 0x0000000080b00000|100%| O|  |TAMS 0x0000000080b00000, 0x0000000080a00000| Untracked 
|  11|0x0000000080b00000, 0x0000000080c00000, 0x0000000080c00000|100%| O|  |TAMS 0x0000000080c00000, 0x0000000080b00000| Untracked 
|  12|0x0000000080c00000, 0x0000000080d00000, 0x0000000080d00000|100%| O|  |TAMS 0x0000000080d00000, 0x0000000080c00000| Untracked 
|  13|0x0000000080d00000, 0x0000000080e00000, 0x0000000080e00000|100%| O|  |TAMS 0x0000000080e00000, 0x0000000080d00000| Untracked 
|  14|0x0000000080e00000, 0x0000000080f00000, 0x0000000080f00000|100%| O|  |TAMS 0x0000000080f00000, 0x0000000080e00000| Untracked 
|  15|0x0000000080f00000, 0x0000000081000000, 0x0000000081000000|100%| O|  |TAMS 0x0000000081000000, 0x0000000080f00000| Untracked 
|  16|0x0000000081000000, 0x0000000081100000, 0x0000000081100000|100%| O|  |TAMS 0x0000000081100000, 0x0000000081000000| Untracked 
|  17|0x0000000081100000, 0x0000000081200000, 0x0000000081200000|100%| O|  |TAMS 0x0000000081200000, 0x0000000081100000| Untracked 
|  18|0x0000000081200000, 0x0000000081300000, 0x0000000081300000|100%| O|  |TAMS 0x0000000081300000, 0x0000000081200000| Untracked 
|  19|0x0000000081300000, 0x00000000813cdc00, 0x0000000081400000| 80%| O|  |TAMS 0x00000000813cdc00, 0x0000000081300000| Untracked 
|  20|0x0000000081400000, 0x0000000081500000, 0x0000000081500000|100%| O|  |TAMS 0x0000000081500000, 0x0000000081400000| Untracked 
|  21|0x0000000081500000, 0x0000000081600000, 0x0000000081600000|100%| O|  |TAMS 0x0000000081600000, 0x0000000081500000| Untracked 
|  22|0x0000000081600000, 0x0000000081600000, 0x0000000081700000|  0%| F|  |TAMS 0x0000000081600000, 0x0000000081600000| Untracked 
|  23|0x0000000081700000, 0x0000000081800000, 0x0000000081800000|100%| O|  |TAMS 0x0000000081800000, 0x0000000081700000| Untracked 
|  24|0x0000000081800000, 0x0000000081900000, 0x0000000081900000|100%| O|  |TAMS 0x0000000081900000, 0x0000000081800000| Untracked 
|  25|0x0000000081900000, 0x0000000081a00000, 0x0000000081a00000|100%| O|  |TAMS 0x0000000081a00000, 0x0000000081900000| Untracked 
|  26|0x0000000081a00000, 0x0000000081b00000, 0x0000000081b00000|100%| O|  |TAMS 0x0000000081b00000, 0x0000000081a00000| Untracked 
|  27|0x0000000081b00000, 0x0000000081c00000, 0x0000000081c00000|100%| O|  |TAMS 0x0000000081c00000, 0x0000000081b00000| Untracked 
|  28|0x0000000081c00000, 0x0000000081d00000, 0x0000000081d00000|100%| O|  |TAMS 0x0000000081d00000, 0x0000000081c00000| Untracked 
|  29|0x0000000081d00000, 0x0000000081e00000, 0x0000000081e00000|100%| O|  |TAMS 0x0000000081e00000, 0x0000000081d00000| Untracked 
|  30|0x0000000081e00000, 0x0000000081f00000, 0x0000000081f00000|100%| O|  |TAMS 0x0000000081f00000, 0x0000000081e00000| Untracked 
|  31|0x0000000081f00000, 0x0000000082000000, 0x0000000082000000|100%| O|  |TAMS 0x0000000082000000, 0x0000000081f00000| Untracked 
|  32|0x0000000082000000, 0x0000000082100000, 0x0000000082100000|100%| O|  |TAMS 0x0000000082100000, 0x0000000082000000| Untracked 
|  33|0x0000000082100000, 0x0000000082200000, 0x0000000082200000|100%| O|  |TAMS 0x0000000082200000, 0x0000000082100000| Untracked 
|  34|0x0000000082200000, 0x0000000082300000, 0x0000000082300000|100%| O|  |TAMS 0x0000000082300000, 0x0000000082200000| Untracked 
|  35|0x0000000082300000, 0x0000000082400000, 0x0000000082400000|100%| O|  |TAMS 0x0000000082400000, 0x0000000082300000| Untracked 
|  36|0x0000000082400000, 0x0000000082500000, 0x0000000082500000|100%| O|  |TAMS 0x0000000082500000, 0x0000000082400000| Untracked 
|  37|0x0000000082500000, 0x0000000082600000, 0x0000000082600000|100%| O|  |TAMS 0x0000000082600000, 0x0000000082500000| Untracked 
|  38|0x0000000082600000, 0x0000000082700000, 0x0000000082700000|100%| O|  |TAMS 0x0000000082700000, 0x0000000082600000| Untracked 
|  39|0x0000000082700000, 0x0000000082800000, 0x0000000082800000|100%| O|  |TAMS 0x0000000082800000, 0x0000000082700000| Untracked 
|  40|0x0000000082800000, 0x0000000082900000, 0x0000000082900000|100%|HS|  |TAMS 0x0000000082900000, 0x0000000082800000| Complete 
|  41|0x0000000082900000, 0x0000000082a00000, 0x0000000082a00000|100%|HC|  |TAMS 0x0000000082a00000, 0x0000000082900000| Complete 
|  42|0x0000000082a00000, 0x0000000082b00000, 0x0000000082b00000|100%|HS|  |TAMS 0x0000000082b00000, 0x0000000082a00000| Complete 
|  43|0x0000000082b00000, 0x0000000082c00000, 0x0000000082c00000|100%|HC|  |TAMS 0x0000000082c00000, 0x0000000082b00000| Complete 
|  44|0x0000000082c00000, 0x0000000082d00000, 0x0000000082d00000|100%| O|  |TAMS 0x0000000082d00000, 0x0000000082c00000| Untracked 
|  45|0x0000000082d00000, 0x0000000082e00000, 0x0000000082e00000|100%| O|  |TAMS 0x0000000082e00000, 0x0000000082d00000| Untracked 
|  46|0x0000000082e00000, 0x0000000082f00000, 0x0000000082f00000|100%| O|  |TAMS 0x0000000082f00000, 0x0000000082e00000| Untracked 
|  47|0x0000000082f00000, 0x0000000083000000, 0x0000000083000000|100%|HS|  |TAMS 0x0000000083000000, 0x0000000082f00000| Complete 
|  48|0x0000000083000000, 0x0000000083100000, 0x0000000083100000|100%|HC|  |TAMS 0x0000000083100000, 0x0000000083000000| Complete 
|  49|0x0000000083100000, 0x0000000083200000, 0x0000000083200000|100%|HC|  |TAMS 0x0000000083200000, 0x0000000083100000| Complete 
|  50|0x0000000083200000, 0x0000000083300000, 0x0000000083300000|100%|HC|  |TAMS 0x0000000083300000, 0x0000000083200000| Complete 
|  51|0x0000000083300000, 0x0000000083400000, 0x0000000083400000|100%| O|  |TAMS 0x0000000083400000, 0x0000000083300000| Untracked 
|  52|0x0000000083400000, 0x0000000083500000, 0x0000000083500000|100%| O|  |TAMS 0x0000000083500000, 0x0000000083400000| Untracked 
|  53|0x0000000083500000, 0x0000000083600000, 0x0000000083600000|100%| O|  |TAMS 0x0000000083600000, 0x0000000083500000| Untracked 
|  54|0x0000000083600000, 0x0000000083700000, 0x0000000083700000|100%|HS|  |TAMS 0x0000000083700000, 0x0000000083600000| Complete 
|  55|0x0000000083700000, 0x0000000083800000, 0x0000000083800000|100%|HC|  |TAMS 0x0000000083800000, 0x0000000083700000| Complete 
|  56|0x0000000083800000, 0x0000000083900000, 0x0000000083900000|100%|HC|  |TAMS 0x0000000083900000, 0x0000000083800000| Complete 
|  57|0x0000000083900000, 0x0000000083a00000, 0x0000000083a00000|100%|HC|  |TAMS 0x0000000083a00000, 0x0000000083900000| Complete 
|  58|0x0000000083a00000, 0x0000000083b00000, 0x0000000083b00000|100%| O|  |TAMS 0x0000000083b00000, 0x0000000083a00000| Untracked 
|  59|0x0000000083b00000, 0x0000000083b2fa00, 0x0000000083c00000| 18%| O|  |TAMS 0x0000000083b2fa00, 0x0000000083b00000| Untracked 
|  60|0x0000000083c00000, 0x0000000083c00000, 0x0000000083d00000|  0%| F|  |TAMS 0x0000000083c00000, 0x0000000083c00000| Untracked 
|  61|0x0000000083d00000, 0x0000000083d00000, 0x0000000083e00000|  0%| F|  |TAMS 0x0000000083d00000, 0x0000000083d00000| Untracked 
|  62|0x0000000083e00000, 0x0000000083e00000, 0x0000000083f00000|  0%| F|  |TAMS 0x0000000083e00000, 0x0000000083e00000| Untracked 
|  63|0x0000000083f00000, 0x0000000083f00000, 0x0000000084000000|  0%| F|  |TAMS 0x0000000083f00000, 0x0000000083f00000| Untracked 
|  64|0x0000000084000000, 0x0000000084000000, 0x0000000084100000|  0%| F|  |TAMS 0x0000000084000000, 0x0000000084000000| Untracked 
|  65|0x0000000084100000, 0x0000000084100000, 0x0000000084200000|  0%| F|  |TAMS 0x0000000084100000, 0x0000000084100000| Untracked 
|  66|0x0000000084200000, 0x0000000084200000, 0x0000000084300000|  0%| F|  |TAMS 0x0000000084200000, 0x0000000084200000| Untracked 
|  67|0x0000000084300000, 0x0000000084300000, 0x0000000084400000|  0%| F|  |TAMS 0x0000000084300000, 0x0000000084300000| Untracked 
|  68|0x0000000084400000, 0x0000000084400000, 0x0000000084500000|  0%| F|  |TAMS 0x0000000084400000, 0x0000000084400000| Untracked 
|  69|0x0000000084500000, 0x0000000084500000, 0x0000000084600000|  0%| F|  |TAMS 0x0000000084500000, 0x0000000084500000| Untracked 
|  70|0x0000000084600000, 0x0000000084600000, 0x0000000084700000|  0%| F|  |TAMS 0x0000000084600000, 0x0000000084600000| Untracked 
|  71|0x0000000084700000, 0x0000000084700000, 0x0000000084800000|  0%| F|  |TAMS 0x0000000084700000, 0x0000000084700000| Untracked 
|  72|0x0000000084800000, 0x0000000084800000, 0x0000000084900000|  0%| F|  |TAMS 0x0000000084800000, 0x0000000084800000| Untracked 
|  73|0x0000000084900000, 0x0000000084900000, 0x0000000084a00000|  0%| F|  |TAMS 0x0000000084900000, 0x0000000084900000| Untracked 
|  74|0x0000000084a00000, 0x0000000084a00000, 0x0000000084b00000|  0%| F|  |TAMS 0x0000000084a00000, 0x0000000084a00000| Untracked 
|  75|0x0000000084b00000, 0x0000000084b00000, 0x0000000084c00000|  0%| F|  |TAMS 0x0000000084b00000, 0x0000000084b00000| Untracked 
|  76|0x0000000084c00000, 0x0000000084c00000, 0x0000000084d00000|  0%| F|  |TAMS 0x0000000084c00000, 0x0000000084c00000| Untracked 
|  77|0x0000000084d00000, 0x0000000084d00000, 0x0000000084e00000|  0%| F|  |TAMS 0x0000000084d00000, 0x0000000084d00000| Untracked 
|  78|0x0000000084e00000, 0x0000000084e00000, 0x0000000084f00000|  0%| F|  |TAMS 0x0000000084e00000, 0x0000000084e00000| Untracked 
|  79|0x0000000084f00000, 0x0000000084f00000, 0x0000000085000000|  0%| F|  |TAMS 0x0000000084f00000, 0x0000000084f00000| Untracked 
|  80|0x0000000085000000, 0x0000000085000000, 0x0000000085100000|  0%| F|  |TAMS 0x0000000085000000, 0x0000000085000000| Untracked 
|  81|0x0000000085100000, 0x0000000085100000, 0x0000000085200000|  0%| F|  |TAMS 0x0000000085100000, 0x0000000085100000| Untracked 
|  82|0x0000000085200000, 0x0000000085200000, 0x0000000085300000|  0%| F|  |TAMS 0x0000000085200000, 0x0000000085200000| Untracked 
|  83|0x0000000085300000, 0x00000000853dda00, 0x0000000085400000| 86%| S|CS|TAMS 0x0000000085300000, 0x0000000085300000| Complete 
|  84|0x0000000085400000, 0x0000000085400000, 0x0000000085500000|  0%| F|  |TAMS 0x0000000085400000, 0x0000000085400000| Untracked 
|  85|0x0000000085500000, 0x0000000085500000, 0x0000000085600000|  0%| F|  |TAMS 0x0000000085500000, 0x0000000085500000| Untracked 
|  86|0x0000000085600000, 0x0000000085600000, 0x0000000085700000|  0%| F|  |TAMS 0x0000000085600000, 0x0000000085600000| Untracked 
|  87|0x0000000085700000, 0x0000000085700000, 0x0000000085800000|  0%| F|  |TAMS 0x0000000085700000, 0x0000000085700000| Untracked 
|  88|0x0000000085800000, 0x0000000085900000, 0x0000000085900000|100%| E|  |TAMS 0x0000000085800000, 0x0000000085800000| Complete 
|  89|0x0000000085900000, 0x0000000085a00000, 0x0000000085a00000|100%| E|CS|TAMS 0x0000000085900000, 0x0000000085900000| Complete 
|  90|0x0000000085a00000, 0x0000000085b00000, 0x0000000085b00000|100%| E|CS|TAMS 0x0000000085a00000, 0x0000000085a00000| Complete 
|  91|0x0000000085b00000, 0x0000000085c00000, 0x0000000085c00000|100%| E|CS|TAMS 0x0000000085b00000, 0x0000000085b00000| Complete 
|  92|0x0000000085c00000, 0x0000000085d00000, 0x0000000085d00000|100%| E|CS|TAMS 0x0000000085c00000, 0x0000000085c00000| Complete 
|  93|0x0000000085d00000, 0x0000000085e00000, 0x0000000085e00000|100%| E|CS|TAMS 0x0000000085d00000, 0x0000000085d00000| Complete 
|  94|0x0000000085e00000, 0x0000000085f00000, 0x0000000085f00000|100%| E|CS|TAMS 0x0000000085e00000, 0x0000000085e00000| Complete 
|  95|0x0000000085f00000, 0x0000000086000000, 0x0000000086000000|100%| E|CS|TAMS 0x0000000085f00000, 0x0000000085f00000| Complete 
|  96|0x0000000086000000, 0x0000000086100000, 0x0000000086100000|100%| E|CS|TAMS 0x0000000086000000, 0x0000000086000000| Complete 
|  97|0x0000000086100000, 0x0000000086200000, 0x0000000086200000|100%| E|CS|TAMS 0x0000000086100000, 0x0000000086100000| Complete 
|  98|0x0000000086200000, 0x0000000086300000, 0x0000000086300000|100%| E|CS|TAMS 0x0000000086200000, 0x0000000086200000| Complete 
|  99|0x0000000086300000, 0x0000000086400000, 0x0000000086400000|100%| E|CS|TAMS 0x0000000086300000, 0x0000000086300000| Complete 
| 100|0x0000000086400000, 0x0000000086500000, 0x0000000086500000|100%| E|CS|TAMS 0x0000000086400000, 0x0000000086400000| Complete 
| 101|0x0000000086500000, 0x0000000086600000, 0x0000000086600000|100%| E|CS|TAMS 0x0000000086500000, 0x0000000086500000| Complete 
| 102|0x0000000086600000, 0x0000000086700000, 0x0000000086700000|100%| E|CS|TAMS 0x0000000086600000, 0x0000000086600000| Complete 
| 103|0x0000000086700000, 0x0000000086800000, 0x0000000086800000|100%| E|CS|TAMS 0x0000000086700000, 0x0000000086700000| Complete 
| 104|0x0000000086800000, 0x0000000086900000, 0x0000000086900000|100%| E|CS|TAMS 0x0000000086800000, 0x0000000086800000| Complete 
| 105|0x0000000086900000, 0x0000000086a00000, 0x0000000086a00000|100%| E|CS|TAMS 0x0000000086900000, 0x0000000086900000| Complete 
| 106|0x0000000086a00000, 0x0000000086b00000, 0x0000000086b00000|100%| E|CS|TAMS 0x0000000086a00000, 0x0000000086a00000| Complete 
| 107|0x0000000086b00000, 0x0000000086c00000, 0x0000000086c00000|100%| E|CS|TAMS 0x0000000086b00000, 0x0000000086b00000| Complete 
| 108|0x0000000086c00000, 0x0000000086d00000, 0x0000000086d00000|100%| E|CS|TAMS 0x0000000086c00000, 0x0000000086c00000| Complete 
| 109|0x0000000086d00000, 0x0000000086e00000, 0x0000000086e00000|100%| E|CS|TAMS 0x0000000086d00000, 0x0000000086d00000| Complete 
| 125|0x0000000087d00000, 0x0000000087e00000, 0x0000000087e00000|100%| E|CS|TAMS 0x0000000087d00000, 0x0000000087d00000| Complete 

Card table byte_map: [0x0000029098eb0000,0x00000290992b0000] _byte_map_base: 0x0000029098ab0000

Marking Bits (Prev, Next): (CMBitMap*) 0x0000029081eab4a0, (CMBitMap*) 0x0000029081eab4e0
 Prev Bits: [0x00000290996b0000, 0x000002909b6b0000)
 Next Bits: [0x000002909b6b0000, 0x000002909d6b0000)

Polling page: 0x0000029081610000

Metaspace:

Usage:
  Non-class:     49.27 MB used.
      Class:      8.14 MB used.
       Both:     57.41 MB used.

Virtual space:
  Non-class space:       64.00 MB reserved,      50.12 MB ( 78%) committed,  1 nodes.
      Class space:      412.00 MB reserved,       9.06 MB (  2%) committed,  1 nodes.
             Both:      476.00 MB reserved,      59.19 MB ( 12%) committed. 

Chunk freelists:
   Non-Class:  1.67 MB
       Class:  2.81 MB
        Both:  4.48 MB

MaxMetaspaceSize: 512.00 MB
CompressedClassSpaceSize: 412.00 MB
Initial GC threshold: 21.00 MB
Current GC threshold: 95.00 MB
CDS: on
MetaspaceReclaimPolicy: balanced
 - commit_granule_bytes: 65536.
 - commit_granule_words: 8192.
 - virtual_space_node_default_size: 8388608.
 - enlarge_chunks_in_place: 1.
 - new_chunks_are_fully_committed: 0.
 - uncommit_free_chunks: 1.
 - use_allocation_guard: 0.


Internal statistics:

num_allocs_failed_limit: 6.
num_arena_births: 3300.
num_arena_deaths: 0.
num_vsnodes_births: 2.
num_vsnodes_deaths: 0.
num_space_committed: 948.
num_space_uncommitted: 0.
num_chunks_returned_to_freelist: 6.
num_chunks_taken_from_freelist: 6151.
num_chunk_merges: 6.
num_chunk_splits: 3939.
num_chunks_enlarged: 2351.
num_inconsistent_stats: 0.

CodeHeap 'non-profiled nmethods': size=120000Kb used=3082Kb max_used=3082Kb free=116917Kb
 bounds [0x0000029091250000, 0x0000029091560000, 0x0000029098780000]
CodeHeap 'profiled nmethods': size=120000Kb used=11188Kb max_used=11188Kb free=108812Kb
 bounds [0x0000029089d20000, 0x000002908a810000, 0x0000029091250000]
CodeHeap 'non-nmethods': size=5760Kb used=2369Kb max_used=2441Kb free=3390Kb
 bounds [0x0000029089780000, 0x00000290899f0000, 0x0000029089d20000]
 total_blobs=6686 nmethods=5805 adapters=793
 compilation: enabled
              stopped_count=0, restarted_count=0
 full_count=0

Compilation events (20 events):
Event: 102.299 Thread 0x00000290a00aa780 nmethod 6674 0x000002908a806410 code [0x000002908a8065a0, 0x000002908a8066f8]
Event: 102.330 Thread 0x00000290a00aa780 6675       3       kotlin.reflect.jvm.internal.ReflectProperties::lazySoft (18 bytes)
Event: 102.330 Thread 0x00000290a00aa780 nmethod 6675 0x000002908a806790 code [0x000002908a806940, 0x000002908a806b58]
Event: 102.330 Thread 0x00000290a00aa780 6676       3       kotlin.reflect.jvm.internal.ReflectProperties$LazySoftVal::<init> (43 bytes)
Event: 102.330 Thread 0x00000290a00aa780 nmethod 6676 0x000002908a806c90 code [0x000002908a806ea0, 0x000002908a8076a8]
Event: 102.331 Thread 0x00000290a00aa780 6677       3       kotlin.reflect.jvm.internal.ReflectProperties::lazySoft (14 bytes)
Event: 102.331 Thread 0x00000290a00aa780 nmethod 6677 0x000002908a807910 code [0x000002908a807ae0, 0x000002908a807dc8]
Event: 102.331 Thread 0x00000290a00aa780 6678       3       kotlin.LazyKt__LazyJVMKt::lazy (102 bytes)
Event: 102.332 Thread 0x00000290a00aa780 nmethod 6678 0x000002908a807f10 code [0x000002908a808320, 0x000002908a809e58]
Event: 102.332 Thread 0x00000290a00aa780 6679       3       kotlin.SafePublicationLazyImpl::<init> (30 bytes)
Event: 102.334 Thread 0x00000290a00aa780 nmethod 6679 0x000002908a80a710 code [0x000002908a80a940, 0x000002908a80b098]
Event: 102.369 Thread 0x00000290a00aa780 6680       3       kotlin.reflect.jvm.internal.impl.renderer.DescriptorRendererOptionsImpl::property (20 bytes)
Event: 102.369 Thread 0x00000290a00aa780 nmethod 6680 0x000002908a80b310 code [0x000002908a80b4c0, 0x000002908a80b7f8]
Event: 102.369 Thread 0x00000290a00aa780 6681       3       kotlin.reflect.jvm.internal.impl.renderer.DescriptorRendererOptionsImpl$property$$inlined$vetoable$1::<init> (11 bytes)
Event: 102.370 Thread 0x00000290a00aa780 nmethod 6681 0x000002908a80b910 code [0x000002908a80bac0, 0x000002908a80bd38]
Event: 102.370 Thread 0x00000290a00aa780 6682       3       kotlin.properties.ObservableProperty::<init> (10 bytes)
Event: 102.370 Thread 0x00000290a00aa780 nmethod 6682 0x000002908a80be10 code [0x000002908a80bfa0, 0x000002908a80c158]
Event: 102.416 Thread 0x00000290a00a9da0 6683   !   4       jdk.internal.loader.BuiltinClassLoader::loadClassOrNull (143 bytes)
Event: 102.427 Thread 0x00000290a00a9da0 nmethod 6683 0x0000029091551310 code [0x0000029091551520, 0x0000029091552060]
Event: 102.438 Thread 0x00000290a00a9da0 6684       4       jdk.internal.loader.URLClassPath::getResource (74 bytes)

GC Heap History (20 events):
Event: 93.789 GC heap before
{Heap before GC invocations=11 (full 0):
 garbage-first heap   total 81920K, used 63606K [0x0000000080000000, 0x0000000100000000)
  region size 1024K, 29 young (29696K), 3 survivors (3072K)
 Metaspace       used 43088K, committed 44608K, reserved 487424K
  class space    used 6051K, committed 6848K, reserved 421888K
}
Event: 93.793 GC heap after
{Heap after GC invocations=12 (full 0):
 garbage-first heap   total 81920K, used 38001K [0x0000000080000000, 0x0000000100000000)
  region size 1024K, 4 young (4096K), 4 survivors (4096K)
 Metaspace       used 43088K, committed 44608K, reserved 487424K
  class space    used 6051K, committed 6848K, reserved 421888K
}
Event: 95.168 GC heap before
{Heap before GC invocations=12 (full 0):
 garbage-first heap   total 81920K, used 63601K [0x0000000080000000, 0x0000000100000000)
  region size 1024K, 30 young (30720K), 4 survivors (4096K)
 Metaspace       used 46191K, committed 47808K, reserved 487424K
  class space    used 6527K, committed 7296K, reserved 421888K
}
Event: 95.177 GC heap after
{Heap after GC invocations=13 (full 0):
 garbage-first heap   total 81920K, used 40719K [0x0000000080000000, 0x0000000100000000)
  region size 1024K, 4 young (4096K), 4 survivors (4096K)
 Metaspace       used 46191K, committed 47808K, reserved 487424K
  class space    used 6527K, committed 7296K, reserved 421888K
}
Event: 96.495 GC heap before
{Heap before GC invocations=13 (full 0):
 garbage-first heap   total 81920K, used 64271K [0x0000000080000000, 0x0000000100000000)
  region size 1024K, 28 young (28672K), 4 survivors (4096K)
 Metaspace       used 48743K, committed 50432K, reserved 487424K
  class space    used 6899K, committed 7744K, reserved 421888K
}
Event: 96.513 GC heap after
{Heap after GC invocations=14 (full 0):
 garbage-first heap   total 81920K, used 43141K [0x0000000080000000, 0x0000000100000000)
  region size 1024K, 3 young (3072K), 3 survivors (3072K)
 Metaspace       used 48743K, committed 50432K, reserved 487424K
  class space    used 6899K, committed 7744K, reserved 421888K
}
Event: 96.894 GC heap before
{Heap before GC invocations=15 (full 0):
 garbage-first heap   total 81920K, used 51333K [0x0000000080000000, 0x0000000100000000)
  region size 1024K, 8 young (8192K), 3 survivors (3072K)
 Metaspace       used 48866K, committed 50560K, reserved 487424K
  class space    used 6914K, committed 7808K, reserved 421888K
}
Event: 96.903 GC heap after
{Heap after GC invocations=16 (full 0):
 garbage-first heap   total 81920K, used 48351K [0x0000000080000000, 0x0000000100000000)
  region size 1024K, 2 young (2048K), 2 survivors (2048K)
 Metaspace       used 48866K, committed 50560K, reserved 487424K
  class space    used 6914K, committed 7808K, reserved 421888K
}
Event: 98.148 GC heap before
{Heap before GC invocations=17 (full 0):
 garbage-first heap   total 92160K, used 68831K [0x0000000080000000, 0x0000000100000000)
  region size 1024K, 18 young (18432K), 2 survivors (2048K)
 Metaspace       used 51082K, committed 52800K, reserved 487424K
  class space    used 7192K, committed 8128K, reserved 421888K
}
Event: 98.152 GC heap after
{Heap after GC invocations=18 (full 0):
 garbage-first heap   total 92160K, used 54547K [0x0000000080000000, 0x0000000100000000)
  region size 1024K, 3 young (3072K), 3 survivors (3072K)
 Metaspace       used 51082K, committed 52800K, reserved 487424K
  class space    used 7192K, committed 8128K, reserved 421888K
}
Event: 98.217 GC heap before
{Heap before GC invocations=18 (full 0):
 garbage-first heap   total 92160K, used 55571K [0x0000000080000000, 0x0000000100000000)
  region size 1024K, 4 young (4096K), 3 survivors (3072K)
 Metaspace       used 51194K, committed 52928K, reserved 487424K
  class space    used 7207K, committed 8128K, reserved 421888K
}
Event: 98.220 GC heap after
{Heap after GC invocations=19 (full 0):
 garbage-first heap   total 92160K, used 54183K [0x0000000080000000, 0x0000000100000000)
  region size 1024K, 1 young (1024K), 1 survivors (1024K)
 Metaspace       used 51194K, committed 52928K, reserved 487424K
  class space    used 7207K, committed 8128K, reserved 421888K
}
Event: 98.859 GC heap before
{Heap before GC invocations=19 (full 0):
 garbage-first heap   total 92160K, used 70567K [0x0000000080000000, 0x0000000100000000)
  region size 1024K, 18 young (18432K), 1 survivors (1024K)
 Metaspace       used 52573K, committed 54336K, reserved 487424K
  class space    used 7437K, committed 8384K, reserved 421888K
}
Event: 98.864 GC heap after
{Heap after GC invocations=20 (full 0):
 garbage-first heap   total 92160K, used 54594K [0x0000000080000000, 0x0000000100000000)
  region size 1024K, 1 young (1024K), 1 survivors (1024K)
 Metaspace       used 52573K, committed 54336K, reserved 487424K
  class space    used 7437K, committed 8384K, reserved 421888K
}
Event: 99.741 GC heap before
{Heap before GC invocations=21 (full 0):
 garbage-first heap   total 94208K, used 76098K [0x0000000080000000, 0x0000000100000000)
  region size 1024K, 19 young (19456K), 1 survivors (1024K)
 Metaspace       used 54466K, committed 56320K, reserved 487424K
  class space    used 7748K, committed 8704K, reserved 421888K
}
Event: 99.744 GC heap after
{Heap after GC invocations=22 (full 0):
 garbage-first heap   total 94208K, used 60139K [0x0000000080000000, 0x0000000100000000)
  region size 1024K, 3 young (3072K), 3 survivors (3072K)
 Metaspace       used 54466K, committed 56320K, reserved 487424K
  class space    used 7748K, committed 8704K, reserved 421888K
}
Event: 99.807 GC heap before
{Heap before GC invocations=22 (full 0):
 garbage-first heap   total 94208K, used 61163K [0x0000000080000000, 0x0000000100000000)
  region size 1024K, 4 young (4096K), 3 survivors (3072K)
 Metaspace       used 54609K, committed 56512K, reserved 487424K
  class space    used 7750K, committed 8704K, reserved 421888K
}
Event: 99.813 GC heap after
{Heap after GC invocations=23 (full 0):
 garbage-first heap   total 113664K, used 59563K [0x0000000080000000, 0x0000000100000000)
  region size 1024K, 1 young (1024K), 1 survivors (1024K)
 Metaspace       used 54609K, committed 56512K, reserved 487424K
  class space    used 7750K, committed 8704K, reserved 421888K
}
Event: 101.243 GC heap before
{Heap before GC invocations=23 (full 0):
 garbage-first heap   total 113664K, used 85163K [0x0000000080000000, 0x0000000100000000)
  region size 1024K, 27 young (27648K), 1 survivors (1024K)
 Metaspace       used 56494K, committed 58368K, reserved 487424K
  class space    used 7997K, committed 8960K, reserved 421888K
}
Event: 101.247 GC heap after
{Heap after GC invocations=24 (full 0):
 garbage-first heap   total 113664K, used 60268K [0x0000000080000000, 0x0000000100000000)
  region size 1024K, 1 young (1024K), 1 survivors (1024K)
 Metaspace       used 56494K, committed 58368K, reserved 487424K
  class space    used 7997K, committed 8960K, reserved 421888K
}

Deoptimization events (20 events):
Event: 101.661 Thread 0x00000290a4fbed50 DEOPT PACKING pc=0x000002908a6ceb56 sp=0x000000e4cc3f7cb0
Event: 101.661 Thread 0x00000290a4fbed50 DEOPT UNPACKING pc=0x00000290897d2b43 sp=0x000000e4cc3f7198 mode 0
Event: 101.859 Thread 0x00000290a4fbed50 Uncommon trap: trap_request=0xffffff54 fr.pc=0x0000029091372188 relative=0x0000000000000928
Event: 101.859 Thread 0x00000290a4fbed50 Uncommon trap: reason=speculate_null_assert action=make_not_entrant pc=0x0000029091372188 method=java.util.jar.JarFile.getVersionedEntry(Ljava/lang/String;Ljava/util/jar/JarEntry;)Ljava/util/jar/JarEntry; @ 115 c2
Event: 101.859 Thread 0x00000290a4fbed50 DEOPT PACKING pc=0x0000029091372188 sp=0x000000e4cc3f6fb0
Event: 101.859 Thread 0x00000290a4fbed50 DEOPT UNPACKING pc=0x00000290897d23a3 sp=0x000000e4cc3f6f78 mode 2
Event: 101.859 Thread 0x00000290a4fbed50 Uncommon trap: trap_request=0xffffff45 fr.pc=0x00000290914c0e48 relative=0x0000000000000cc8
Event: 101.859 Thread 0x00000290a4fbed50 Uncommon trap: reason=unstable_if action=reinterpret pc=0x00000290914c0e48 method=java.util.jar.JarFile.getEntry(Ljava/lang/String;)Ljava/util/zip/ZipEntry; @ 15 c2
Event: 101.859 Thread 0x00000290a4fbed50 DEOPT PACKING pc=0x00000290914c0e48 sp=0x000000e4cc3f7040
Event: 101.859 Thread 0x00000290a4fbed50 DEOPT UNPACKING pc=0x00000290897d23a3 sp=0x000000e4cc3f6eb8 mode 2
Event: 101.969 Thread 0x00000290a4fbed50 DEOPT PACKING pc=0x000002908a8043fd sp=0x000000e4cc3f7010
Event: 101.969 Thread 0x00000290a4fbed50 DEOPT UNPACKING pc=0x00000290897d2b43 sp=0x000000e4cc3f6498 mode 0
Event: 102.110 Thread 0x00000290a4fbed50 DEOPT PACKING pc=0x000002908a8043fd sp=0x000000e4cc3f6100
Event: 102.110 Thread 0x00000290a4fbed50 DEOPT UNPACKING pc=0x00000290897d2b43 sp=0x000000e4cc3f5588 mode 0
Event: 102.240 Thread 0x00000290a4fbed50 DEOPT PACKING pc=0x000002908a8043fd sp=0x000000e4cc3f6dc0
Event: 102.240 Thread 0x00000290a4fbed50 DEOPT UNPACKING pc=0x00000290897d2b43 sp=0x000000e4cc3f6248 mode 0
Event: 102.359 Thread 0x00000290a4fbed50 DEOPT PACKING pc=0x000002908a8043fd sp=0x000000e4cc3f5ae0
Event: 102.359 Thread 0x00000290a4fbed50 DEOPT UNPACKING pc=0x00000290897d2b43 sp=0x000000e4cc3f4f68 mode 0
Event: 102.438 Thread 0x00000290a4fbed50 DEOPT PACKING pc=0x000002908a8043fd sp=0x000000e4cc3f4d40
Event: 102.438 Thread 0x00000290a4fbed50 DEOPT UNPACKING pc=0x00000290897d2b43 sp=0x000000e4cc3f41c8 mode 0

Classes loaded (20 events):
Event: 99.003 Loading class com/sun/org/apache/xerces/internal/utils/XMLSecurityPropertyManager$Property
Event: 99.003 Loading class com/sun/org/apache/xerces/internal/utils/XMLSecurityPropertyManager$Property done
Event: 99.056 Loading class java/util/regex/Pattern$SliceI
Event: 99.056 Loading class java/util/regex/Pattern$SliceI done
Event: 99.088 Loading class javax/management/InstanceNotFoundException
Event: 99.089 Loading class javax/management/InstanceNotFoundException done
Event: 99.089 Loading class javax/management/ReflectionException
Event: 99.089 Loading class javax/management/ReflectionException done
Event: 99.089 Loading class javax/management/MalformedObjectNameException
Event: 99.090 Loading class javax/management/MalformedObjectNameException done
Event: 99.090 Loading class javax/management/MBeanException
Event: 99.091 Loading class javax/management/MBeanException done
Event: 99.091 Loading class javax/management/AttributeNotFoundException
Event: 99.091 Loading class javax/management/AttributeNotFoundException done
Event: 99.092 Loading class sun/reflect/misc/MethodUtil
Event: 99.093 Loading class sun/reflect/misc/MethodUtil done
Event: 99.093 Loading class sun/reflect/misc/MethodUtil$1
Event: 99.093 Loading class sun/reflect/misc/MethodUtil$1 done
Event: 99.110 Loading class java/lang/Byte$ByteCache
Event: 99.110 Loading class java/lang/Byte$ByteCache done

Classes unloaded (0 events):
No events

Classes redefined (0 events):
No events

Internal exceptions (20 events):
Event: 100.080 Thread 0x00000290a4fbed50 Exception <a 'java/lang/ClassNotFoundException'{0x0000000086a41d98}: org/gradle/api/plugins/BasePluginConventionBeanInfo> (0x0000000086a41d98) 
thrown [s\open\src\hotspot\share\classfile\systemDictionary.cpp, line 255]
Event: 100.084 Thread 0x00000290a4fbed50 Exception <a 'java/lang/ClassNotFoundException'{0x0000000086a5dc80}: org/gradle/api/plugins/BasePluginConventionCustomizer> (0x0000000086a5dc80) 
thrown [s\open\src\hotspot\share\classfile\systemDictionary.cpp, line 255]
Event: 100.089 Thread 0x00000290a4fbed50 Exception <a 'java/lang/ClassNotFoundException'{0x0000000086a840e0}: org/gradle/api/internal/plugins/NaggingBasePluginConventionCustomizer> (0x0000000086a840e0) 
thrown [s\open\src\hotspot\share\classfile\systemDictionary.cpp, line 255]
Event: 100.101 Thread 0x00000290a4fbed50 Exception <a 'java/lang/ClassNotFoundException'{0x0000000086ad84c8}: org/gradle/api/plugins/internal/NaggingJavaPluginConventionBeanInfo> (0x0000000086ad84c8) 
thrown [s\open\src\hotspot\share\classfile\systemDictionary.cpp, line 255]
Event: 100.103 Thread 0x00000290a4fbed50 Exception <a 'java/lang/ClassNotFoundException'{0x0000000086af4508}: org/gradle/api/plugins/JavaPluginConventionBeanInfo> (0x0000000086af4508) 
thrown [s\open\src\hotspot\share\classfile\systemDictionary.cpp, line 255]
Event: 100.109 Thread 0x00000290a4fbed50 Exception <a 'java/lang/ClassNotFoundException'{0x0000000086910908}: org/gradle/api/plugins/JavaPluginConventionCustomizer> (0x0000000086910908) 
thrown [s\open\src\hotspot\share\classfile\systemDictionary.cpp, line 255]
Event: 100.139 Thread 0x00000290a4fbed50 Exception <a 'java/lang/ClassNotFoundException'{0x0000000086940c80}: org/gradle/api/plugins/internal/NaggingJavaPluginConventionCustomizer> (0x0000000086940c80) 
thrown [s\open\src\hotspot\share\classfile\systemDictionary.cpp, line 255]
Event: 100.978 Thread 0x00000290a4fbed50 Exception <a 'java/lang/NoSuchMethodError'{0x0000000085acedc0}: 'int java.lang.invoke.DirectMethodHandle$Holder.invokeInterface(java.lang.Object, java.lang.Object, java.lang.Object, java.lang.Object)'> (0x0000000085acedc0) 
thrown [s\open\src\hotspot\share\interpreter\linkResolver.cpp, line 759]
Event: 101.411 Thread 0x00000290a4fbed50 Exception <a 'java/lang/ClassNotFoundException'{0x0000000086cc0208}: org/jetbrains/kotlin/gradle/targets/js/npm/DefaultNpmDependencyExtensionBeanInfo> (0x0000000086cc0208) 
thrown [s\open\src\hotspot\share\classfile\systemDictionary.cpp, line 255]
Event: 101.412 Thread 0x00000290a4fbed50 Exception <a 'java/lang/ClassNotFoundException'{0x0000000086cd2300}: org/jetbrains/kotlin/gradle/targets/js/npm/DefaultNpmDependencyExtensionCustomizer> (0x0000000086cd2300) 
thrown [s\open\src\hotspot\share\classfile\systemDictionary.cpp, line 255]
Event: 101.429 Thread 0x00000290a4fbed50 Exception <a 'java/lang/ClassNotFoundException'{0x0000000086b78d28}: org/jetbrains/kotlin/gradle/targets/js/npm/NpmDependencyExtensionKt$defaultNpmDependencyDelegate$1BeanInfo> (0x0000000086b78d28) 
thrown [s\open\src\hotspot\share\classfile\systemDictionary.cpp, line 255]
Event: 101.430 Thread 0x00000290a4fbed50 Exception <a 'java/lang/ClassNotFoundException'{0x0000000086b8b0d8}: org/jetbrains/kotlin/gradle/targets/js/npm/NpmDependencyExtensionDelegateBeanInfo> (0x0000000086b8b0d8) 
thrown [s\open\src\hotspot\share\classfile\systemDictionary.cpp, line 255]
Event: 101.431 Thread 0x00000290a4fbed50 Exception <a 'java/lang/ClassNotFoundException'{0x0000000086b9d210}: org/jetbrains/kotlin/gradle/targets/js/npm/NpmDependencyExtensionDelegateCustomizer> (0x0000000086b9d210) 
thrown [s\open\src\hotspot\share\classfile\systemDictionary.cpp, line 255]
Event: 101.436 Thread 0x00000290a4fbed50 Exception <a 'java/lang/ClassNotFoundException'{0x0000000086bc8760}: org/jetbrains/kotlin/gradle/targets/js/npm/NpmDependencyExtensionKt$defaultNpmDependencyDelegate$1Customizer> (0x0000000086bc8760) 
thrown [s\open\src\hotspot\share\classfile\systemDictionary.cpp, line 255]
Event: 101.443 Thread 0x00000290a4fbed50 Exception <a 'java/lang/ClassNotFoundException'{0x0000000086a12d90}: org/jetbrains/kotlin/gradle/targets/js/npm/DefaultDevNpmDependencyExtensionBeanInfo> (0x0000000086a12d90) 
thrown [s\open\src\hotspot\share\classfile\systemDictionary.cpp, line 255]
Event: 101.446 Thread 0x00000290a4fbed50 Exception <a 'java/lang/ClassNotFoundException'{0x0000000086a24ee0}: org/jetbrains/kotlin/gradle/targets/js/npm/DefaultDevNpmDependencyExtensionCustomizer> (0x0000000086a24ee0) 
thrown [s\open\src\hotspot\share\classfile\systemDictionary.cpp, line 255]
Event: 101.470 Thread 0x00000290a4fbed50 Exception <a 'java/lang/ClassNotFoundException'{0x0000000086a724a0}: org/jetbrains/kotlin/gradle/targets/js/npm/DefaultPeerNpmDependencyExtensionBeanInfo> (0x0000000086a724a0) 
thrown [s\open\src\hotspot\share\classfile\systemDictionary.cpp, line 255]
Event: 101.472 Thread 0x00000290a4fbed50 Exception <a 'java/lang/ClassNotFoundException'{0x0000000086a84920}: org/jetbrains/kotlin/gradle/targets/js/npm/DefaultPeerNpmDependencyExtensionCustomizer> (0x0000000086a84920) 
thrown [s\open\src\hotspot\share\classfile\systemDictionary.cpp, line 255]
Event: 101.484 Thread 0x00000290a4fbed50 Exception <a 'java/lang/ClassNotFoundException'{0x0000000086ae0c60}: org/jetbrains/kotlin/gradle/targets/js/npm/DefaultPeerNpmDependencyExtension$delegate$1BeanInfo> (0x0000000086ae0c60) 
thrown [s\open\src\hotspot\share\classfile\systemDictionary.cpp, line 255]
Event: 101.490 Thread 0x00000290a4fbed50 Exception <a 'java/lang/ClassNotFoundException'{0x0000000086af2f68}: org/jetbrains/kotlin/gradle/targets/js/npm/DefaultPeerNpmDependencyExtension$delegate$1Customizer> (0x0000000086af2f68) 
thrown [s\open\src\hotspot\share\classfile\systemDictionary.cpp, line 255]

VM Operations (20 events):
Event: 98.937 Executing VM operation: G1Concurrent
Event: 98.948 Executing VM operation: G1Concurrent done
Event: 98.978 Executing VM operation: G1Concurrent
Event: 98.995 Executing VM operation: G1Concurrent done
Event: 99.740 Executing VM operation: G1CollectForAllocation
Event: 99.744 Executing VM operation: G1CollectForAllocation done
Event: 99.806 Executing VM operation: G1CollectForAllocation
Event: 99.816 Executing VM operation: G1CollectForAllocation done
Event: 100.819 Executing VM operation: Cleanup
Event: 100.820 Executing VM operation: Cleanup done
Event: 100.967 Executing VM operation: HandshakeAllThreads
Event: 100.967 Executing VM operation: HandshakeAllThreads done
Event: 101.243 Executing VM operation: G1CollectForAllocation
Event: 101.247 Executing VM operation: G1CollectForAllocation done
Event: 101.315 Executing VM operation: G1Concurrent
Event: 101.320 Executing VM operation: G1Concurrent done
Event: 101.349 Executing VM operation: G1Concurrent
Event: 101.350 Executing VM operation: G1Concurrent done
Event: 102.361 Executing VM operation: Cleanup
Event: 102.363 Executing VM operation: Cleanup done

Events (20 events):
Event: 95.299 Thread 0x00000290a00c93c0 flushing nmethod 0x000002908a5cc890
Event: 95.299 Thread 0x00000290a00c93c0 flushing nmethod 0x000002908a60c990
Event: 95.299 Thread 0x00000290a00c93c0 flushing nmethod 0x000002908a626290
Event: 95.299 Thread 0x00000290a00c93c0 flushing nmethod 0x000002908a640a90
Event: 95.299 Thread 0x00000290a00c93c0 flushing nmethod 0x000002908a66c990
Event: 95.300 Thread 0x00000290a00c93c0 flushing nmethod 0x000002908a6e6c10
Event: 95.300 Thread 0x00000290a00c93c0 flushing nmethod 0x000002908a6ea790
Event: 95.300 Thread 0x00000290a00c93c0 flushing nmethod 0x000002908a74b610
Event: 95.300 Thread 0x00000290a00c93c0 flushing nmethod 0x000002908a759810
Event: 95.300 Thread 0x00000290a00c93c0 flushing nmethod 0x000002908a75a090
Event: 95.300 Thread 0x00000290a00c93c0 flushing nmethod 0x000002908a75a390
Event: 95.571 Thread 0x00000290a6bb4c50 Thread added: 0x00000290a6bb4c50
Event: 96.307 Thread 0x00000290a6bba7c0 Thread added: 0x00000290a6bba7c0
Event: 96.308 Thread 0x00000290a6bb55f0 Thread added: 0x00000290a6bb55f0
Event: 96.308 Thread 0x00000290a6bb6e00 Thread added: 0x00000290a6bb6e00
Event: 96.308 Thread 0x00000290a6bb5f90 Thread added: 0x00000290a6bb5f90
Event: 96.310 Thread 0x00000290a4fbc200 Thread added: 0x00000290a4fbc200
Event: 96.311 Thread 0x00000290a7758940 Thread added: 0x00000290a7758940
Event: 96.313 Thread 0x00000290a7753c40 Thread added: 0x00000290a7753c40
Event: 99.102 Thread 0x00000290a7752900 Thread added: 0x00000290a7752900


Dynamic libraries:
0x00007ff75f6f0000 - 0x00007ff75f700000 	C:\Program Files\Java\jdk-18.0.2.1\bin\java.exe
0x00007ffbf73e0000 - 0x00007ffbf75e9000 	C:\WINDOWS\SYSTEM32\ntdll.dll
0x00007ffbf60c0000 - 0x00007ffbf617e000 	C:\WINDOWS\System32\KERNEL32.DLL
0x00007ffbf4cf0000 - 0x00007ffbf506c000 	C:\WINDOWS\System32\KERNELBASE.dll
0x00007ffbf48e0000 - 0x00007ffbf49f1000 	C:\WINDOWS\System32\ucrtbase.dll
0x00007ffbef080000 - 0x00007ffbef098000 	C:\Program Files\Java\jdk-18.0.2.1\bin\jli.dll
0x00007ffbf5fb0000 - 0x00007ffbf605e000 	C:\WINDOWS\System32\ADVAPI32.dll
0x00007ffbf72f0000 - 0x00007ffbf7393000 	C:\WINDOWS\System32\msvcrt.dll
0x00007ffbf6dc0000 - 0x00007ffbf6e5e000 	C:\WINDOWS\System32\sechost.dll
0x00007ffbf6b40000 - 0x00007ffbf6c60000 	C:\WINDOWS\System32\RPCRT4.dll
0x00007ffbf6680000 - 0x00007ffbf682d000 	C:\WINDOWS\System32\USER32.dll
0x00007ffbf48b0000 - 0x00007ffbf48d6000 	C:\WINDOWS\System32\win32u.dll
0x00007ffbf6ed0000 - 0x00007ffbf6ef9000 	C:\WINDOWS\System32\GDI32.dll
0x00007ffbf4b10000 - 0x00007ffbf4c28000 	C:\WINDOWS\System32\gdi32full.dll
0x00007ffbf4a00000 - 0x00007ffbf4a9d000 	C:\WINDOWS\System32\msvcp_win.dll
0x00007ffbef060000 - 0x00007ffbef07a000 	C:\Program Files\Java\jdk-18.0.2.1\bin\VCRUNTIME140.dll
0x00007ffbdc3a0000 - 0x00007ffbdc645000 	C:\WINDOWS\WinSxS\amd64_microsoft.windows.common-controls_6595b64144ccf1df_6.0.22000.120_none_9d947278b86cc467\COMCTL32.dll
0x00007ffbef450000 - 0x00007ffbef45a000 	C:\WINDOWS\SYSTEM32\VERSION.dll
0x00007ffbf5f50000 - 0x00007ffbf5f82000 	C:\WINDOWS\System32\IMM32.DLL
0x00007ffbf0940000 - 0x00007ffbf094c000 	C:\Program Files\Java\jdk-18.0.2.1\bin\vcruntime140_1.dll
0x00007ffbe3330000 - 0x00007ffbe33bd000 	C:\Program Files\Java\jdk-18.0.2.1\bin\msvcp140.dll
0x00007ffb73820000 - 0x00007ffb74431000 	C:\Program Files\Java\jdk-18.0.2.1\bin\server\jvm.dll
0x00007ffbf5f40000 - 0x00007ffbf5f48000 	C:\WINDOWS\System32\PSAPI.DLL
0x00007ffbdee60000 - 0x00007ffbdee69000 	C:\WINDOWS\SYSTEM32\WSOCK32.dll
0x00007ffbf6c60000 - 0x00007ffbf6ccf000 	C:\WINDOWS\System32\WS2_32.dll
0x00007ffbeee70000 - 0x00007ffbeeea3000 	C:\WINDOWS\SYSTEM32\WINMM.dll
0x00007ffbf3a20000 - 0x00007ffbf3a38000 	C:\WINDOWS\SYSTEM32\kernel.appcore.dll
0x00007ffbef050000 - 0x00007ffbef05a000 	C:\Program Files\Java\jdk-18.0.2.1\bin\jimage.dll
0x00007ffbf2510000 - 0x00007ffbf2731000 	C:\WINDOWS\SYSTEM32\DBGHELP.DLL
0x00007ffbdd2f0000 - 0x00007ffbdd321000 	C:\WINDOWS\SYSTEM32\dbgcore.DLL
0x00007ffbf5070000 - 0x00007ffbf50ef000 	C:\WINDOWS\System32\bcryptPrimitives.dll
0x00007ffbdd9d0000 - 0x00007ffbdd9de000 	C:\Program Files\Java\jdk-18.0.2.1\bin\instrument.dll
0x00007ffbef020000 - 0x00007ffbef045000 	C:\Program Files\Java\jdk-18.0.2.1\bin\java.dll
0x00007ffbe3250000 - 0x00007ffbe3326000 	C:\Program Files\Java\jdk-18.0.2.1\bin\jsvml.dll
0x00007ffbf5260000 - 0x00007ffbf5a25000 	C:\WINDOWS\System32\SHELL32.dll
0x00007ffbf29a0000 - 0x00007ffbf3205000 	C:\WINDOWS\SYSTEM32\windows.storage.dll
0x00007ffbf6290000 - 0x00007ffbf6608000 	C:\WINDOWS\System32\combase.dll
0x00007ffbf2830000 - 0x00007ffbf2996000 	C:\WINDOWS\SYSTEM32\wintypes.dll
0x00007ffbf7200000 - 0x00007ffbf72ea000 	C:\WINDOWS\System32\SHCORE.dll
0x00007ffbf6230000 - 0x00007ffbf628d000 	C:\WINDOWS\System32\shlwapi.dll
0x00007ffbf47e0000 - 0x00007ffbf4801000 	C:\WINDOWS\SYSTEM32\profapi.dll
0x00007ffbe31f0000 - 0x00007ffbe3208000 	C:\Program Files\Java\jdk-18.0.2.1\bin\zip.dll
0x00007ffbe3230000 - 0x00007ffbe3243000 	C:\Program Files\Java\jdk-18.0.2.1\bin\net.dll
0x00007ffbef0a0000 - 0x00007ffbef1b4000 	C:\WINDOWS\SYSTEM32\WINHTTP.dll
0x00007ffbf3ec0000 - 0x00007ffbf3f27000 	C:\WINDOWS\system32\mswsock.dll
0x00007ffbe3210000 - 0x00007ffbe3226000 	C:\Program Files\Java\jdk-18.0.2.1\bin\nio.dll
0x00007ffbdd9c0000 - 0x00007ffbdd9d0000 	C:\Program Files\Java\jdk-18.0.2.1\bin\verify.dll
0x00007ffbf0950000 - 0x00007ffbf0977000 	C:\Users\duykhanh\.gradle\native\68d5fa5c4cc2d200863cafc0d521ce42e7d3e7ee720ec0a83991735586a16f82\windows-amd64\native-platform.dll
0x00007ffbad320000 - 0x00007ffbad464000 	C:\Users\duykhanh\.gradle\native\e376f236ea51e6404a007f0833ffe2c6e607c4080706a723a18a27aeea778392\windows-amd64\native-platform-file-events.dll
0x00007ffbe30a0000 - 0x00007ffbe30a9000 	C:\Program Files\Java\jdk-18.0.2.1\bin\management.dll
0x00007ffbe3090000 - 0x00007ffbe309b000 	C:\Program Files\Java\jdk-18.0.2.1\bin\management_ext.dll
0x00007ffbf4100000 - 0x00007ffbf4118000 	C:\WINDOWS\SYSTEM32\CRYPTSP.dll
0x00007ffbf3980000 - 0x00007ffbf39b5000 	C:\WINDOWS\system32\rsaenh.dll
0x00007ffbf3fb0000 - 0x00007ffbf3fd9000 	C:\WINDOWS\SYSTEM32\USERENV.dll
0x00007ffbf4290000 - 0x00007ffbf42b7000 	C:\WINDOWS\SYSTEM32\bcrypt.dll
0x00007ffbf4120000 - 0x00007ffbf412c000 	C:\WINDOWS\SYSTEM32\CRYPTBASE.dll
0x00007ffbf3550000 - 0x00007ffbf357d000 	C:\WINDOWS\SYSTEM32\IPHLPAPI.DLL
0x00007ffbf6ec0000 - 0x00007ffbf6ec9000 	C:\WINDOWS\System32\NSI.dll
0x00007ffbeed90000 - 0x00007ffbeeda9000 	C:\WINDOWS\SYSTEM32\dhcpcsvc6.DLL
0x00007ffbef7f0000 - 0x00007ffbef80e000 	C:\WINDOWS\SYSTEM32\dhcpcsvc.DLL
0x00007ffbf3580000 - 0x00007ffbf3668000 	C:\WINDOWS\SYSTEM32\DNSAPI.dll

dbghelp: loaded successfully - version: 4.0.5 - missing functions: none
symbol engine: initialized successfully - sym options: 0x614 - pdb path: .;C:\Program Files\Java\jdk-18.0.2.1\bin;C:\WINDOWS\SYSTEM32;C:\WINDOWS\WinSxS\amd64_microsoft.windows.common-controls_6595b64144ccf1df_6.0.22000.120_none_9d947278b86cc467;C:\Program Files\Java\jdk-18.0.2.1\bin\server;C:\Users\duykhanh\.gradle\native\68d5fa5c4cc2d200863cafc0d521ce42e7d3e7ee720ec0a83991735586a16f82\windows-amd64;C:\Users\duykhanh\.gradle\native\e376f236ea51e6404a007f0833ffe2c6e607c4080706a723a18a27aeea778392\windows-amd64

VM Arguments:
jvm_args: -XX:MaxMetaspaceSize=512m --add-opens=java.base/java.util=ALL-UNNAMED --add-opens=java.base/java.lang=ALL-UNNAMED --add-opens=java.base/java.lang.invoke=ALL-UNNAMED --add-opens=java.prefs/java.util.prefs=ALL-UNNAMED --add-opens=java.base/java.nio.charset=ALL-UNNAMED --add-opens=java.base/java.net=ALL-UNNAMED --add-opens=java.base/java.util.concurrent.atomic=ALL-UNNAMED -Xmx2048m -Dfile.encoding=UTF-8 -Duser.country=US -Duser.language=en -Duser.variant -javaagent:C:\Users\duykhanh\.gradle\wrapper\dists\gradle-8.3-all\6en3ugtfdg5xnpx44z4qbwgas\gradle-8.3\lib\agents\gradle-instrumentation-agent-8.3.jar 
java_command: org.gradle.launcher.daemon.bootstrap.GradleDaemon 8.3
java_class_path (initial): C:\Users\duykhanh\.gradle\wrapper\dists\gradle-8.3-all\6en3ugtfdg5xnpx44z4qbwgas\gradle-8.3\lib\gradle-launcher-8.3.jar
Launcher Type: SUN_STANDARD

[Global flags]
     intx CICompilerCount                          = 4                                         {product} {ergonomic}
   size_t CompressedClassSpaceSize                 = 432013312                                 {product} {ergonomic}
     uint ConcGCThreads                            = 2                                         {product} {ergonomic}
     uint G1ConcRefinementThreads                  = 8                                         {product} {ergonomic}
   size_t G1HeapRegionSize                         = 1048576                                   {product} {ergonomic}
    uintx GCDrainStackTargetSize                   = 64                                        {product} {ergonomic}
   size_t InitialHeapSize                          = 132120576                                 {product} {ergonomic}
   size_t MarkStackSize                            = 4194304                                   {product} {ergonomic}
   size_t MaxHeapSize                              = 2147483648                                {product} {command line}
   size_t MaxMetaspaceSize                         = 536870912                                 {product} {command line}
   size_t MaxNewSize                               = 1287651328                                {product} {ergonomic}
   size_t MinHeapDeltaBytes                        = 1048576                                   {product} {ergonomic}
   size_t MinHeapSize                              = 8388608                                   {product} {ergonomic}
    uintx NonNMethodCodeHeapSize                   = 5839372                                {pd product} {ergonomic}
    uintx NonProfiledCodeHeapSize                  = 122909434                              {pd product} {ergonomic}
    uintx ProfiledCodeHeapSize                     = 122909434                              {pd product} {ergonomic}
    uintx ReservedCodeCacheSize                    = 251658240                              {pd product} {ergonomic}
     bool SegmentedCodeCache                       = true                                      {product} {ergonomic}
   size_t SoftMaxHeapSize                          = 2147483648                             {manageable} {ergonomic}
     bool UseCompressedClassPointers               = true                           {product lp64_product} {ergonomic}
     bool UseCompressedOops                        = true                           {product lp64_product} {ergonomic}
     bool UseG1GC                                  = true                                      {product} {ergonomic}
     bool UseLargePagesIndividualAllocation        = false                                  {pd product} {ergonomic}

Logging:
Log output configuration:
 #0: stdout all=warning uptime,level,tags foldmultilines=false
 #1: stderr all=off uptime,level,tags foldmultilines=false

Environment Variables:
JAVA_HOME=C:\Program Files\Java\jdk-18.0.2.1
CLASSPATH=C:\Users\duykhanh\Downloads\project\Aloca-Application\android\\gradle\wrapper\gradle-wrapper.jar
PATH=C:\Users\duykhanh\Downloads\project\Aloca-Application\node_modules\.bin;C:\Users\duykhanh\Downloads\project\Aloca-Application\node_modules\.bin;C:\Users\duykhanh\Downloads\project\node_modules\.bin;C:\Users\duykhanh\Downloads\node_modules\.bin;C:\Users\duykhanh\node_modules\.bin;C:\Users\node_modules\.bin;C:\node_modules\.bin;C:\Users\duykhanh\AppData\Roaming\npm\node_modules\npm\node_modules\@npmcli\run-script\lib\node-gyp-bin;C:\Users\duykhanh\Downloads\project\Aloca-Application\node_modules\.bin;C:\Users\duykhanh\Downloads\project\node_modules\.bin;C:\Users\duykhanh\Downloads\node_modules\.bin;C:\Users\duykhanh\node_modules\.bin;C:\Users\node_modules\.bin;C:\node_modules\.bin;C:\Users\duykhanh\AppData\Roaming\npm\node_modules\npm\node_modules\@npmcli\run-script\lib\node-gyp-bin;C:\Program Files\Common Files\Oracle\Java\javapath;C:\Windows\system32;C:\Windows;C:\Windows\System32\Wbem;C:\Windows\System32\WindowsPowerShell\v1.0\;C:\Windows\System32\OpenSSH\;C:\WINDOWS\system32;C:\WINDOWS;C:\WINDOWS\System32\Wbem;C:\WINDOWS\System32\WindowsPowerShell\v1.0\;C:\WINDOWS\System32\OpenSSH\;C:\Program Files\Git\cmd;C:\Program Files\nodejs\;C:\composer;C:\Program Files\Microsoft SQL Server\150\Tools\Binn\;C:\Program Files\Microsoft SQL Server\Client SDK\ODBC\170\Tools\Binn\;C:\Program Files\dotnet\;C:\Program Files (x86)\Microsoft SQL Server\160\Tools\Binn\;C:\Program Files\Microsoft SQL Server\160\Tools\Binn\;C:\Program Files\Microsoft SQL Server\160\DTS\Binn\;C:\Program Files (x86)\Microsoft SQL Server\160\DTS\Binn\;C:\Program Files\Azure Data Studio\bin;C:\xampp\php;C:\Program Files\Docker\Docker\resources\bin;C:\Program Files\Redis;C:\Users\duykhanh\AppData\Local\Android\Sdk\platform-tools;C:\Users\duykhanh\AppData\Local\Android\Sdk\tools;C:\Users\duykhanh\AppData\Local\Android\Sdk\platform-tools;C:\Users\duykhanh\AppData\Local\Android\Sdk\tools;C:\Users\duykhanh\AppData\Local\jdk-11.0.2\bin;C:\Users\duykhanh\AppData\Local\Programs\Python\Python311\Scripts\;C:\Users\duykhanh\AppData\Local\Programs\Python\Python311\;C:\Program Files\MySQL\MySQL Shell 8.0\bin\;C:\Users\duykhanh\AppData\Local\Microsoft\WindowsApps;C:\Users\duykhanh\AppData\Local\Programs\Microsoft VS Code\bin;C:\Users\duykhanh\AppData\Roaming\npm;C:\Users\duykhanh\AppData\Roaming\Composer\vendor\bin;C:\Users\duykhanh\.dotnet\tools;C:\Program Files\Azure Data Studio\bin;C:\xampp\php;
USERNAME=duykhanh
LANG=en_US.UTF-8
OS=Windows_NT
PROCESSOR_IDENTIFIER=Intel64 Family 6 Model 165 Stepping 2, GenuineIntel



---------------  S Y S T E M  ---------------

OS:
 Windows 11 , 64 bit Build 22000 (10.0.22000.1516)
OS uptime: 0 days 10:47 hours

CPU: total 8 (initial active 8) (4 cores per cpu, 2 threads per core) family 6 model 165 stepping 2 microcode 0xe0, cx8, cmov, fxsr, ht, mmx, 3dnowpref, sse, sse2, sse3, ssse3, sse4.1, sse4.2, popcnt, lzcnt, tsc, tscinvbit, avx, avx2, aes, erms, clmul, bmi1, bmi2, adx, fma, vzeroupper, clflush, clflushopt

Memory: 4k page, system-wide physical 8029M (157M free)
TotalPageFile size 32605M (AvailPageFile size 72M)
current process WorkingSet (physical memory assigned to process): 247M, peak: 251M
current process commit charge ("private bytes"): 328M, peak: 333M

vm_info: Java HotSpot(TM) 64-Bit Server VM (18.0.2.1+1-1) for windows-amd64 JRE (18.0.2.1+1-1), built on Aug 16 2022 01:46:33 by "mach5one" with MS VC++ 16.8 / 16.9 (VS2019)

END.
