#
# There is insufficient memory for the Java Runtime Environment to continue.
# Native memory allocation (malloc) failed to allocate 367696 bytes for Chunk::new
# Possible reasons:
#   The system is out of physical RAM or swap space
#   The process is running with CompressedOops enabled, and the Java Heap may be blocking the growth of the native heap
# Possible solutions:
#   Reduce memory load on the system
#   Increase physical memory or swap space
#   Check if swap backing store is full
#   Decrease Java heap size (-Xmx/-Xms)
#   Decrease number of Java threads
#
#  
# JRE version: Java(TM) SE Runtime Environment (18.0.2.1+1) (build 18.0.2.1+1-1)
# Java VM: Java HotSpot(TM) 64-Bit Server VM (18.0.2.1+1-1, mixed mode, sharing, tiered, compressed oops, compressed class ptrs, g1 gc, windows-amd64)
# No core dump will be written. Minidumps are not enabled by default on client versions of Windows
#

---------------  S U M M A R Y ------------

Command Line: -Xmx64m -Xms64m -Dorg.gradle.appname=gradlew org.gradle.wrapper.GradleWrapperMain app:installDebug -PreactNativeDevServerPort=8081

Host: Intel(R) Core(TM) i5-10300H CPU @ 2.50GHz, 8 cores, 7G,  Windows 11 , 64 bit Build 22000 (10.0.22000.1516)
Time: Thu Mar 21 09:39:50 2024 SE Asia Standard Time elapsed time: 9.064278 seconds (0d 0h 0m 9s)

---------------  T H R E A D  ---------------

Current thread (0x000002117167c0a0):  JavaThread "C2 CompilerThread1" daemon [_thread_in_native, id=4852, stack(0x000000c82db00000,0x000000c82dc00000)]


Current CompileTask:
C2:   9064 1372 %     4       java.io.WinNTFileSystem::normalize @ 22 (143 bytes)

Stack: [0x000000c82db00000,0x000000c82dc00000]
Native frames: (J=compiled Java code, j=interpreted, Vv=VM code, C=native code)
V  [jvm.dll+0x6993aa]
V  [jvm.dll+0x7f46dd]
V  [jvm.dll+0x7f5fee]
V  [jvm.dll+0x7f66a3]
V  [jvm.dll+0x25cf1f]
V  [jvm.dll+0xb8c2f]
V  [jvm.dll+0xb8fa5]
V  [jvm.dll+0x386091]
V  [jvm.dll+0x34fe71]
V  [jvm.dll+0x34f30a]
V  [jvm.dll+0x230101]
V  [jvm.dll+0x22f4d1]
V  [jvm.dll+0x1ba01c]
V  [jvm.dll+0x23ee0a]
V  [jvm.dll+0x23d0f5]
V  [jvm.dll+0x7a6dd1]
V  [jvm.dll+0x7a120a]
V  [jvm.dll+0x698255]
C  [ucrtbase.dll+0x26c0c]
C  [KERNEL32.DLL+0x155a0]
C  [ntdll.dll+0x485b]


---------------  P R O C E S S  ---------------

Threads class SMR info:
_java_thread_list=0x00000211717b3a20, length=14, elements={
0x00000211531e93c0, 0x000002116c9c3770, 0x000002116c9c6120, 0x000002116c9e01e0,
0x000002116c9e0a90, 0x000002116c9e1340, 0x000002116c9e1ce0, 0x000002116c9e29b0,
0x000002116c9ee8a0, 0x000002116c9f01a0, 0x0000021170c44da0, 0x0000021170c492f0,
0x0000021171469e10, 0x000002117167c0a0
}

Java Threads: ( => current thread )
  0x00000211531e93c0 JavaThread "main" [_thread_in_vm, id=17304, stack(0x000000c82c100000,0x000000c82c200000)]
  0x000002116c9c3770 JavaThread "Reference Handler" daemon [_thread_blocked, id=16512, stack(0x000000c82c800000,0x000000c82c900000)]
  0x000002116c9c6120 JavaThread "Finalizer" daemon [_thread_blocked, id=18284, stack(0x000000c82c900000,0x000000c82ca00000)]
  0x000002116c9e01e0 JavaThread "Signal Dispatcher" daemon [_thread_blocked, id=9440, stack(0x000000c82ca00000,0x000000c82cb00000)]
  0x000002116c9e0a90 JavaThread "Attach Listener" daemon [_thread_blocked, id=11216, stack(0x000000c82cb00000,0x000000c82cc00000)]
  0x000002116c9e1340 JavaThread "Service Thread" daemon [_thread_blocked, id=12216, stack(0x000000c82cc00000,0x000000c82cd00000)]
  0x000002116c9e1ce0 JavaThread "Monitor Deflation Thread" daemon [_thread_blocked, id=19832, stack(0x000000c82cd00000,0x000000c82ce00000)]
  0x000002116c9e29b0 JavaThread "C2 CompilerThread0" daemon [_thread_blocked, id=18380, stack(0x000000c82ce00000,0x000000c82cf00000)]
  0x000002116c9ee8a0 JavaThread "C1 CompilerThread0" daemon [_thread_in_vm, id=18716, stack(0x000000c82cf00000,0x000000c82d000000)]
  0x000002116c9f01a0 JavaThread "Sweeper thread" daemon [_thread_blocked, id=13760, stack(0x000000c82d000000,0x000000c82d100000)]
  0x0000021170c44da0 JavaThread "Notification Thread" daemon [_thread_blocked, id=16548, stack(0x000000c82d100000,0x000000c82d200000)]
  0x0000021170c492f0 JavaThread "Common-Cleaner" daemon [_thread_blocked, id=20200, stack(0x000000c82d300000,0x000000c82d400000)]
  0x0000021171469e10 JavaThread "pool-1-thread-1" [_thread_blocked, id=20456, stack(0x000000c82da00000,0x000000c82db00000)]
=>0x000002117167c0a0 JavaThread "C2 CompilerThread1" daemon [_thread_in_native, id=4852, stack(0x000000c82db00000,0x000000c82dc00000)]

Other Threads:
  0x000002116c9bef00 VMThread "VM Thread" [stack: 0x000000c82c700000,0x000000c82c800000] [id=16628]
  0x0000021170c486b0 WatcherThread "VM Periodic Task Thread" [stack: 0x000000c82d200000,0x000000c82d300000] [id=9892]
  0x000002115320e860 WorkerThread "GC Thread#0" [stack: 0x000000c82c200000,0x000000c82c300000] [id=12524]
  0x00000211713f9890 WorkerThread "GC Thread#1" [stack: 0x000000c82d500000,0x000000c82d600000] [id=7976]
  0x00000211717364e0 WorkerThread "GC Thread#2" [stack: 0x000000c82d600000,0x000000c82d700000] [id=12124]
  0x0000021171736780 WorkerThread "GC Thread#3" [stack: 0x000000c82d700000,0x000000c82d800000] [id=15968]
  0x0000021171736a20 WorkerThread "GC Thread#4" [stack: 0x000000c82d800000,0x000000c82d900000] [id=14148]
  0x0000021171736cc0 WorkerThread "GC Thread#5" [stack: 0x000000c82d900000,0x000000c82da00000] [id=15184]
  0x0000021153210fa0 ConcurrentGCThread "G1 Main Marker" [stack: 0x000000c82c300000,0x000000c82c400000] [id=3860]
  0x00000211532129a0 WorkerThread "G1 Conc#0" [stack: 0x000000c82c400000,0x000000c82c500000] [id=14572]
  0x0000021153253470 ConcurrentGCThread "G1 Refine#0" [stack: 0x000000c82c500000,0x000000c82c600000] [id=336]
  0x0000021153253c20 ConcurrentGCThread "G1 Service" [stack: 0x000000c82c600000,0x000000c82c700000] [id=312]

Threads with active compile tasks:
C1 CompilerThread0     9202 1394       3       org.gradle.internal.classpath.DefaultClassPath$ImmutableUniqueList::get (57 bytes)
C2 CompilerThread1     9202 1372 %     4       java.io.WinNTFileSystem::normalize @ 22 (143 bytes)

VM state: not at safepoint (normal execution)

VM Mutex/Monitor currently owned by a thread:  ([mutex/lock_event])
[0x0000021150fe01d0] Metaspace_lock - owner thread: 0x000002116c9ee8a0
[0x00000211531e4090] MethodData_lock - owner thread: 0x000002116c9ee8a0

Heap address: 0x00000000fc000000, size: 64 MB, Compressed Oops mode: 32-bit

CDS archive(s) mapped at: [0x0000000800000000-0x0000000800ba0000-0x0000000800ba0000), size 12189696, SharedBaseAddress: 0x0000000800000000, ArchiveRelocationMode: 0.
Compressed class space mapped at: 0x0000000800c00000-0x0000000840c00000, reserved size: 1073741824
Narrow klass base: 0x0000000800000000, Narrow klass shift: 0, Narrow klass range: 0x100000000

GC Precious Log:
 CardTable entry size: 512
 Card Set container configuration: InlinePtr #cards 5 size 8 Array Of Cards #cards 12 size 40 Howl #buckets 4 coarsen threshold 1843 Howl Bitmap #cards 512 size 80 coarsen threshold 460 Card regions per heap region 1 cards per card region 2048
 CPUs: 8 total, 8 available
 Memory: 8029M
 Large Page Support: Disabled
 NUMA Support: Disabled
 Compressed Oops: Enabled (32-bit)
 Heap Region Size: 1M
 Heap Min Capacity: 64M
 Heap Initial Capacity: 64M
 Heap Max Capacity: 64M
 Pre-touch: Disabled
 Parallel Workers: 8
 Concurrent Workers: 2
 Concurrent Refinement Workers: 8
 Periodic GC: Disabled

Heap:
 garbage-first heap   total 65536K, used 28128K [0x00000000fc000000, 0x0000000100000000)
  region size 1024K, 21 young (21504K), 3 survivors (3072K)
 Metaspace       used 8074K, committed 8256K, reserved 1114112K
  class space    used 1055K, committed 1152K, reserved 1048576K

Heap Regions: E=young(eden), S=young(survivor), O=old, HS=humongous(starts), HC=humongous(continues), CS=collection set, F=free, OA=open archive, CA=closed archive, TAMS=top-at-mark-start (previous, next)
|   0|0x00000000fc000000, 0x00000000fc100000, 0x00000000fc100000|100%|HS|  |TAMS 0x00000000fc000000, 0x00000000fc000000| Complete 
|   1|0x00000000fc100000, 0x00000000fc200000, 0x00000000fc200000|100%|HC|  |TAMS 0x00000000fc100000, 0x00000000fc100000| Complete 
|   2|0x00000000fc200000, 0x00000000fc300000, 0x00000000fc300000|100%|HC|  |TAMS 0x00000000fc200000, 0x00000000fc200000| Complete 
|   3|0x00000000fc300000, 0x00000000fc400000, 0x00000000fc400000|100%|HC|  |TAMS 0x00000000fc300000, 0x00000000fc300000| Complete 
|   4|0x00000000fc400000, 0x00000000fc500000, 0x00000000fc500000|100%| O|  |TAMS 0x00000000fc400000, 0x00000000fc400000| Untracked 
|   5|0x00000000fc500000, 0x00000000fc600000, 0x00000000fc600000|100%| O|  |TAMS 0x00000000fc500000, 0x00000000fc500000| Untracked 
|   6|0x00000000fc600000, 0x00000000fc700000, 0x00000000fc700000|100%| O|  |TAMS 0x00000000fc600000, 0x00000000fc600000| Untracked 
|   7|0x00000000fc700000, 0x00000000fc778000, 0x00000000fc800000| 46%| O|  |TAMS 0x00000000fc700000, 0x00000000fc700000| Untracked 
|   8|0x00000000fc800000, 0x00000000fc800000, 0x00000000fc900000|  0%| F|  |TAMS 0x00000000fc800000, 0x00000000fc800000| Untracked 
|   9|0x00000000fc900000, 0x00000000fc900000, 0x00000000fca00000|  0%| F|  |TAMS 0x00000000fc900000, 0x00000000fc900000| Untracked 
|  10|0x00000000fca00000, 0x00000000fca00000, 0x00000000fcb00000|  0%| F|  |TAMS 0x00000000fca00000, 0x00000000fca00000| Untracked 
|  11|0x00000000fcb00000, 0x00000000fcb00000, 0x00000000fcc00000|  0%| F|  |TAMS 0x00000000fcb00000, 0x00000000fcb00000| Untracked 
|  12|0x00000000fcc00000, 0x00000000fcc00000, 0x00000000fcd00000|  0%| F|  |TAMS 0x00000000fcc00000, 0x00000000fcc00000| Untracked 
|  13|0x00000000fcd00000, 0x00000000fcd00000, 0x00000000fce00000|  0%| F|  |TAMS 0x00000000fcd00000, 0x00000000fcd00000| Untracked 
|  14|0x00000000fce00000, 0x00000000fce00000, 0x00000000fcf00000|  0%| F|  |TAMS 0x00000000fce00000, 0x00000000fce00000| Untracked 
|  15|0x00000000fcf00000, 0x00000000fcf00000, 0x00000000fd000000|  0%| F|  |TAMS 0x00000000fcf00000, 0x00000000fcf00000| Untracked 
|  16|0x00000000fd000000, 0x00000000fd000000, 0x00000000fd100000|  0%| F|  |TAMS 0x00000000fd000000, 0x00000000fd000000| Untracked 
|  17|0x00000000fd100000, 0x00000000fd100000, 0x00000000fd200000|  0%| F|  |TAMS 0x00000000fd100000, 0x00000000fd100000| Untracked 
|  18|0x00000000fd200000, 0x00000000fd200000, 0x00000000fd300000|  0%| F|  |TAMS 0x00000000fd200000, 0x00000000fd200000| Untracked 
|  19|0x00000000fd300000, 0x00000000fd300000, 0x00000000fd400000|  0%| F|  |TAMS 0x00000000fd300000, 0x00000000fd300000| Untracked 
|  20|0x00000000fd400000, 0x00000000fd400000, 0x00000000fd500000|  0%| F|  |TAMS 0x00000000fd400000, 0x00000000fd400000| Untracked 
|  21|0x00000000fd500000, 0x00000000fd500000, 0x00000000fd600000|  0%| F|  |TAMS 0x00000000fd500000, 0x00000000fd500000| Untracked 
|  22|0x00000000fd600000, 0x00000000fd600000, 0x00000000fd700000|  0%| F|  |TAMS 0x00000000fd600000, 0x00000000fd600000| Untracked 
|  23|0x00000000fd700000, 0x00000000fd700000, 0x00000000fd800000|  0%| F|  |TAMS 0x00000000fd700000, 0x00000000fd700000| Untracked 
|  24|0x00000000fd800000, 0x00000000fd800000, 0x00000000fd900000|  0%| F|  |TAMS 0x00000000fd800000, 0x00000000fd800000| Untracked 
|  25|0x00000000fd900000, 0x00000000fd900000, 0x00000000fda00000|  0%| F|  |TAMS 0x00000000fd900000, 0x00000000fd900000| Untracked 
|  26|0x00000000fda00000, 0x00000000fda00000, 0x00000000fdb00000|  0%| F|  |TAMS 0x00000000fda00000, 0x00000000fda00000| Untracked 
|  27|0x00000000fdb00000, 0x00000000fdb00000, 0x00000000fdc00000|  0%| F|  |TAMS 0x00000000fdb00000, 0x00000000fdb00000| Untracked 
|  28|0x00000000fdc00000, 0x00000000fdc00000, 0x00000000fdd00000|  0%| F|  |TAMS 0x00000000fdc00000, 0x00000000fdc00000| Untracked 
|  29|0x00000000fdd00000, 0x00000000fdd00000, 0x00000000fde00000|  0%| F|  |TAMS 0x00000000fdd00000, 0x00000000fdd00000| Untracked 
|  30|0x00000000fde00000, 0x00000000fde00000, 0x00000000fdf00000|  0%| F|  |TAMS 0x00000000fde00000, 0x00000000fde00000| Untracked 
|  31|0x00000000fdf00000, 0x00000000fdf00000, 0x00000000fe000000|  0%| F|  |TAMS 0x00000000fdf00000, 0x00000000fdf00000| Untracked 
|  32|0x00000000fe000000, 0x00000000fe000000, 0x00000000fe100000|  0%| F|  |TAMS 0x00000000fe000000, 0x00000000fe000000| Untracked 
|  33|0x00000000fe100000, 0x00000000fe100000, 0x00000000fe200000|  0%| F|  |TAMS 0x00000000fe100000, 0x00000000fe100000| Untracked 
|  34|0x00000000fe200000, 0x00000000fe200000, 0x00000000fe300000|  0%| F|  |TAMS 0x00000000fe200000, 0x00000000fe200000| Untracked 
|  35|0x00000000fe300000, 0x00000000fe300000, 0x00000000fe400000|  0%| F|  |TAMS 0x00000000fe300000, 0x00000000fe300000| Untracked 
|  36|0x00000000fe400000, 0x00000000fe400000, 0x00000000fe500000|  0%| F|  |TAMS 0x00000000fe400000, 0x00000000fe400000| Untracked 
|  37|0x00000000fe500000, 0x00000000fe500000, 0x00000000fe600000|  0%| F|  |TAMS 0x00000000fe500000, 0x00000000fe500000| Untracked 
|  38|0x00000000fe600000, 0x00000000fe700000, 0x00000000fe700000|100%| S|CS|TAMS 0x00000000fe600000, 0x00000000fe600000| Complete 
|  39|0x00000000fe700000, 0x00000000fe800000, 0x00000000fe800000|100%| S|CS|TAMS 0x00000000fe700000, 0x00000000fe700000| Complete 
|  40|0x00000000fe800000, 0x00000000fe900000, 0x00000000fe900000|100%| S|CS|TAMS 0x00000000fe800000, 0x00000000fe800000| Complete 
|  41|0x00000000fe900000, 0x00000000fe900000, 0x00000000fea00000|  0%| F|  |TAMS 0x00000000fe900000, 0x00000000fe900000| Untracked 
|  42|0x00000000fea00000, 0x00000000fea00000, 0x00000000feb00000|  0%| F|  |TAMS 0x00000000fea00000, 0x00000000fea00000| Untracked 
|  43|0x00000000feb00000, 0x00000000feb00000, 0x00000000fec00000|  0%| F|  |TAMS 0x00000000feb00000, 0x00000000feb00000| Untracked 
|  44|0x00000000fec00000, 0x00000000fec00000, 0x00000000fed00000|  0%| F|  |TAMS 0x00000000fec00000, 0x00000000fec00000| Untracked 
|  45|0x00000000fed00000, 0x00000000fed00000, 0x00000000fee00000|  0%| F|  |TAMS 0x00000000fed00000, 0x00000000fed00000| Untracked 
|  46|0x00000000fee00000, 0x00000000fee66ef0, 0x00000000fef00000| 40%| E|  |TAMS 0x00000000fee00000, 0x00000000fee00000| Complete 
|  47|0x00000000fef00000, 0x00000000ff000000, 0x00000000ff000000|100%| E|CS|TAMS 0x00000000fef00000, 0x00000000fef00000| Complete 
|  48|0x00000000ff000000, 0x00000000ff100000, 0x00000000ff100000|100%| E|CS|TAMS 0x00000000ff000000, 0x00000000ff000000| Complete 
|  49|0x00000000ff100000, 0x00000000ff200000, 0x00000000ff200000|100%| E|CS|TAMS 0x00000000ff100000, 0x00000000ff100000| Complete 
|  50|0x00000000ff200000, 0x00000000ff300000, 0x00000000ff300000|100%| E|CS|TAMS 0x00000000ff200000, 0x00000000ff200000| Complete 
|  51|0x00000000ff300000, 0x00000000ff400000, 0x00000000ff400000|100%| E|CS|TAMS 0x00000000ff300000, 0x00000000ff300000| Complete 
|  52|0x00000000ff400000, 0x00000000ff500000, 0x00000000ff500000|100%| E|CS|TAMS 0x00000000ff400000, 0x00000000ff400000| Complete 
|  53|0x00000000ff500000, 0x00000000ff600000, 0x00000000ff600000|100%| E|CS|TAMS 0x00000000ff500000, 0x00000000ff500000| Complete 
|  54|0x00000000ff600000, 0x00000000ff700000, 0x00000000ff700000|100%| E|CS|TAMS 0x00000000ff600000, 0x00000000ff600000| Complete 
|  55|0x00000000ff700000, 0x00000000ff800000, 0x00000000ff800000|100%| E|CS|TAMS 0x00000000ff700000, 0x00000000ff700000| Complete 
|  56|0x00000000ff800000, 0x00000000ff900000, 0x00000000ff900000|100%| E|CS|TAMS 0x00000000ff800000, 0x00000000ff800000| Complete 
|  57|0x00000000ff900000, 0x00000000ffa00000, 0x00000000ffa00000|100%| E|CS|TAMS 0x00000000ff900000, 0x00000000ff900000| Complete 
|  58|0x00000000ffa00000, 0x00000000ffb00000, 0x00000000ffb00000|100%| E|CS|TAMS 0x00000000ffa00000, 0x00000000ffa00000| Complete 
|  59|0x00000000ffb00000, 0x00000000ffc00000, 0x00000000ffc00000|100%| E|CS|TAMS 0x00000000ffb00000, 0x00000000ffb00000| Complete 
|  60|0x00000000ffc00000, 0x00000000ffd00000, 0x00000000ffd00000|100%| E|CS|TAMS 0x00000000ffc00000, 0x00000000ffc00000| Complete 
|  61|0x00000000ffd00000, 0x00000000ffe00000, 0x00000000ffe00000|100%| E|CS|TAMS 0x00000000ffd00000, 0x00000000ffd00000| Complete 
|  62|0x00000000ffe00000, 0x00000000fff00000, 0x00000000fff00000|100%| E|CS|TAMS 0x00000000ffe00000, 0x00000000ffe00000| Complete 
|  63|0x00000000fff00000, 0x0000000100000000, 0x0000000100000000|100%| E|CS|TAMS 0x00000000fff00000, 0x00000000fff00000| Complete 

Card table byte_map: [0x0000021151180000,0x00000211511a0000] _byte_map_base: 0x00000211509a0000

Marking Bits (Prev, Next): (CMBitMap*) 0x000002115320fe70, (CMBitMap*) 0x000002115320feb0
 Prev Bits: [0x0000021169e50000, 0x0000021169f50000)
 Next Bits: [0x0000021169f50000, 0x000002116a050000)

Polling page: 0x0000021151130000

Metaspace:

Usage:
  Non-class:      6.85 MB used.
      Class:      1.03 MB used.
       Both:      7.89 MB used.

Virtual space:
  Non-class space:       64.00 MB reserved,       6.94 MB ( 11%) committed,  1 nodes.
      Class space:        1.00 GB reserved,       1.12 MB ( <1%) committed,  1 nodes.
             Both:        1.06 GB reserved,       8.06 MB ( <1%) committed. 

Chunk freelists:
   Non-Class:  368.00 KB
       Class:  2.70 MB
        Both:  3.06 MB

MaxMetaspaceSize: unlimited
CompressedClassSpaceSize: 1.00 GB
Initial GC threshold: 21.00 MB
Current GC threshold: 21.00 MB
CDS: on
MetaspaceReclaimPolicy: balanced
 - commit_granule_bytes: 65536.
 - commit_granule_words: 8192.
 - virtual_space_node_default_size: 8388608.
 - enlarge_chunks_in_place: 1.
 - new_chunks_are_fully_committed: 0.
 - uncommit_free_chunks: 1.
 - use_allocation_guard: 0.


Internal statistics:

num_allocs_failed_limit: 0.
num_arena_births: 198.
num_arena_deaths: 0.
num_vsnodes_births: 2.
num_vsnodes_deaths: 0.
num_space_committed: 129.
num_space_uncommitted: 0.
num_chunks_returned_to_freelist: 0.
num_chunks_taken_from_freelist: 425.
num_chunk_merges: 0.
num_chunk_splits: 269.
num_chunks_enlarged: 201.
num_inconsistent_stats: 0.

CodeHeap 'non-profiled nmethods': size=120000Kb used=537Kb max_used=537Kb free=119462Kb
 bounds [0x00000211625f0000, 0x0000021162860000, 0x0000021169b20000]
CodeHeap 'profiled nmethods': size=120000Kb used=2712Kb max_used=2712Kb free=117287Kb
 bounds [0x000002115b0c0000, 0x000002115b370000, 0x00000211625f0000]
CodeHeap 'non-nmethods': size=5760Kb used=1179Kb max_used=1205Kb free=4580Kb
 bounds [0x000002115ab20000, 0x000002115ad90000, 0x000002115b0c0000]
 total_blobs=1859 nmethods=1392 adapters=380
 compilation: enabled
              stopped_count=0, restarted_count=0
 full_count=0

Compilation events (20 events):
Event: 9.041 Thread 0x000002116c9ee8a0 1385   !   3       java.util.jar.JarFile::getBytes (186 bytes)
Event: 9.042 Thread 0x000002116c9ee8a0 nmethod 1385 0x000002115b35fc90 code [0x000002115b360000, 0x000002115b361438]
Event: 9.042 Thread 0x000002116c9ee8a0 1386       3       java.net.URL::toURI (54 bytes)
Event: 9.043 Thread 0x000002116c9ee8a0 nmethod 1386 0x000002115b361e90 code [0x000002115b362160, 0x000002115b363178]
Event: 9.043 Thread 0x000002116c9ee8a0 1388       3       java.util.Hashtable::<init> (9 bytes)
Event: 9.043 Thread 0x000002116c9ee8a0 nmethod 1388 0x000002115b363710 code [0x000002115b3638e0, 0x000002115b363a28]
Event: 9.043 Thread 0x000002116c9ee8a0 1387       1       java.util.jar.JarFile$JarFileEntry::getName (5 bytes)
Event: 9.043 Thread 0x000002116c9ee8a0 nmethod 1387 0x0000021162674a90 code [0x0000021162674c20, 0x0000021162674cf8]
Event: 9.045 Thread 0x000002116c9ee8a0 1389       3       java.util.zip.Inflater::<init> (28 bytes)
Event: 9.045 Thread 0x000002116c9ee8a0 nmethod 1389 0x000002115b363b10 code [0x000002115b363d00, 0x000002115b3641d8]
Event: 9.046 Thread 0x000002116c9e29b0 nmethod 1383 0x0000021162674d90 code [0x0000021162674f20, 0x0000021162675438]
Event: 9.046 Thread 0x000002116c9e29b0 1384       4       java.io.File::equals (28 bytes)
Event: 9.046 Thread 0x000002116c9ee8a0 1390       3       java.io.ByteArrayOutputStream::<init> (7 bytes)
Event: 9.046 Thread 0x000002116c9ee8a0 nmethod 1390 0x000002115b364390 code [0x000002115b364520, 0x000002115b364668]
Event: 9.046 Thread 0x000002116c9ee8a0 1391       3       java.io.ByteArrayOutputStream::<init> (43 bytes)
Event: 9.047 Thread 0x000002116c9ee8a0 nmethod 1391 0x000002115b364710 code [0x000002115b364960, 0x000002115b365198]
Event: 9.047 Thread 0x000002116c9ee8a0 1392       3       org.gradle.internal.classpath.DefaultClassPath$ImmutableUniqueList$Builder::add (57 bytes)
Event: 9.047 Thread 0x000002116c9ee8a0 nmethod 1392 0x000002115b365490 code [0x000002115b365680, 0x000002115b365cd8]
Event: 9.048 Thread 0x000002116c9ee8a0 1393       3       org.gradle.internal.Cast::uncheckedNonnullCast (2 bytes)
Event: 9.048 Thread 0x000002116c9ee8a0 nmethod 1393 0x000002115b365e90 code [0x000002115b366020, 0x000002115b366118]

GC Heap History (2 events):
Event: 8.269 GC heap before
{Heap before GC invocations=0 (full 0):
 garbage-first heap   total 65536K, used 26624K [0x00000000fc000000, 0x0000000100000000)
  region size 1024K, 23 young (23552K), 0 survivors (0K)
 Metaspace       used 3938K, committed 4096K, reserved 1114112K
  class space    used 479K, committed 576K, reserved 1048576K
}
Event: 8.276 GC heap after
{Heap after GC invocations=1 (full 0):
 garbage-first heap   total 65536K, used 10720K [0x00000000fc000000, 0x0000000100000000)
  region size 1024K, 3 young (3072K), 3 survivors (3072K)
 Metaspace       used 3938K, committed 4096K, reserved 1114112K
  class space    used 479K, committed 576K, reserved 1048576K
}

Deoptimization events (20 events):
Event: 9.023 Thread 0x00000211531e93c0 DEOPT PACKING pc=0x000002115b190547 sp=0x000000c82c1fd8a0
Event: 9.023 Thread 0x00000211531e93c0 DEOPT UNPACKING pc=0x000002115ab72b43 sp=0x000000c82c1fcd68 mode 0
Event: 9.024 Thread 0x00000211531e93c0 DEOPT PACKING pc=0x000002115b190547 sp=0x000000c82c1fd8a0
Event: 9.024 Thread 0x00000211531e93c0 DEOPT UNPACKING pc=0x000002115ab72b43 sp=0x000000c82c1fcd68 mode 0
Event: 9.024 Thread 0x00000211531e93c0 DEOPT PACKING pc=0x000002115b190547 sp=0x000000c82c1fd8a0
Event: 9.024 Thread 0x00000211531e93c0 DEOPT UNPACKING pc=0x000002115ab72b43 sp=0x000000c82c1fcd68 mode 0
Event: 9.025 Thread 0x00000211531e93c0 DEOPT PACKING pc=0x000002115b190547 sp=0x000000c82c1fd8a0
Event: 9.025 Thread 0x00000211531e93c0 DEOPT UNPACKING pc=0x000002115ab72b43 sp=0x000000c82c1fcd68 mode 0
Event: 9.025 Thread 0x00000211531e93c0 DEOPT PACKING pc=0x000002115b190547 sp=0x000000c82c1fd8a0
Event: 9.025 Thread 0x00000211531e93c0 DEOPT UNPACKING pc=0x000002115ab72b43 sp=0x000000c82c1fcd68 mode 0
Event: 9.026 Thread 0x00000211531e93c0 DEOPT PACKING pc=0x000002115b190547 sp=0x000000c82c1fd8a0
Event: 9.026 Thread 0x00000211531e93c0 DEOPT UNPACKING pc=0x000002115ab72b43 sp=0x000000c82c1fcd68 mode 0
Event: 9.026 Thread 0x00000211531e93c0 DEOPT PACKING pc=0x000002115b199656 sp=0x000000c82c1fd800
Event: 9.026 Thread 0x00000211531e93c0 DEOPT UNPACKING pc=0x000002115ab72b43 sp=0x000000c82c1fcce8 mode 0
Event: 9.026 Thread 0x00000211531e93c0 DEOPT PACKING pc=0x000002115b190547 sp=0x000000c82c1fd8a0
Event: 9.026 Thread 0x00000211531e93c0 DEOPT UNPACKING pc=0x000002115ab72b43 sp=0x000000c82c1fcd68 mode 0
Event: 9.026 Thread 0x00000211531e93c0 DEOPT PACKING pc=0x000002115b190547 sp=0x000000c82c1fd8a0
Event: 9.026 Thread 0x00000211531e93c0 DEOPT UNPACKING pc=0x000002115ab72b43 sp=0x000000c82c1fcd68 mode 0
Event: 9.027 Thread 0x00000211531e93c0 DEOPT PACKING pc=0x000002115b190547 sp=0x000000c82c1fd8a0
Event: 9.027 Thread 0x00000211531e93c0 DEOPT UNPACKING pc=0x000002115ab72b43 sp=0x000000c82c1fcd68 mode 0

Classes loaded (20 events):
Event: 8.942 Loading class sun/util/resources/cldr/TimeZoneNames_en_US
Event: 8.942 Loading class sun/util/resources/cldr/TimeZoneNames_en_US done
Event: 8.958 Loading class java/time/zone/ZoneRulesProvider
Event: 8.961 Loading class java/time/zone/ZoneRulesProvider done
Event: 8.961 Loading class java/time/zone/ZoneRulesProvider$1
Event: 8.963 Loading class java/time/zone/ZoneRulesProvider$1 done
Event: 8.963 Loading class java/time/zone/TzdbZoneRulesProvider
Event: 8.965 Loading class java/time/zone/TzdbZoneRulesProvider done
Event: 8.967 Loading class java/time/zone/Ser
Event: 8.969 Loading class java/io/Externalizable
Event: 8.969 Loading class java/io/Externalizable done
Event: 8.969 Loading class java/time/zone/Ser done
Event: 8.975 Loading class java/time/zone/ZoneOffsetTransition
Event: 8.978 Loading class java/time/zone/ZoneOffsetTransition done
Event: 8.992 Loading class sun/util/cldr/CLDRBaseLocaleDataMetaInfo$TZCanonicalIDMapHolder
Event: 8.995 Loading class sun/util/cldr/CLDRBaseLocaleDataMetaInfo$TZCanonicalIDMapHolder done
Event: 8.996 Loading class sun/util/resources/TimeZoneNames
Event: 9.000 Loading class sun/util/resources/TimeZoneNames done
Event: 9.000 Loading class sun/util/resources/TimeZoneNames_en
Event: 9.000 Loading class sun/util/resources/TimeZoneNames_en done

Classes unloaded (0 events):
No events

Classes redefined (0 events):
No events

Internal exceptions (20 events):
Event: 2.698 Thread 0x00000211531e93c0 Exception <a 'java/lang/NoSuchMethodError'{0x00000000ffc9a998}: 'int java.lang.invoke.DirectMethodHandle$Holder.invokeStaticInit(java.lang.Object, java.lang.Object)'> (0x00000000ffc9a998) 
thrown [s\open\src\hotspot\share\interpreter\linkResolver.cpp, line 759]
Event: 8.247 Thread 0x00000211531e93c0 Exception <a 'java/lang/NoClassDefFoundError'{0x00000000fe9030f0}: org/slf4j/impl/StaticMarkerBinder> (0x00000000fe9030f0) 
thrown [s\open\src\hotspot\share\classfile\systemDictionary.cpp, line 244]
Event: 8.261 Thread 0x00000211531e93c0 Exception <a 'java/lang/NoSuchMethodError'{0x00000000fe99ce90}: 'java.lang.Object java.lang.invoke.DirectMethodHandle$Holder.invokeVirtual(java.lang.Object, java.lang.Object, java.lang.Object, java.lang.Object, java.lang.Object, java.lang.Object, java.lang.Object)'> (0x00000000fe99ce90) 
thrown [s\open\src\hotspot\share\interpreter\linkResolver.cpp, line 759]
Event: 8.263 Thread 0x00000211531e93c0 Exception <a 'java/lang/NoSuchMethodError'{0x00000000fe9b12a0}: 'java.lang.Object java.lang.invoke.DirectMethodHandle$Holder.invokeStatic(java.lang.Object, java.lang.Object, int)'> (0x00000000fe9b12a0) 
thrown [s\open\src\hotspot\share\interpreter\linkResolver.cpp, line 759]
Event: 8.264 Thread 0x00000211531e93c0 Exception <a 'java/lang/NoSuchMethodError'{0x00000000fe9bcfb8}: 'void java.lang.invoke.DelegatingMethodHandle$Holder.delegate(java.lang.Object, java.lang.Object, int, java.lang.Object)'> (0x00000000fe9bcfb8) 
thrown [s\open\src\hotspot\share\interpreter\linkResolver.cpp, line 759]
Event: 8.264 Thread 0x00000211531e93c0 Exception <a 'java/lang/NoSuchMethodError'{0x00000000fe9c1108}: 'int java.lang.invoke.DirectMethodHandle$Holder.invokeSpecial(java.lang.Object, java.lang.Object, java.lang.Object)'> (0x00000000fe9c1108) 
thrown [s\open\src\hotspot\share\interpreter\linkResolver.cpp, line 759]
Event: 8.290 Thread 0x00000211531e93c0 Exception <a 'java/lang/NoSuchMethodError'{0x00000000fffa1520}: 'java.lang.Object java.lang.invoke.DirectMethodHandle$Holder.invokeVirtual(java.lang.Object, java.lang.Object, java.lang.Object)'> (0x00000000fffa1520) 
thrown [s\open\src\hotspot\share\interpreter\linkResolver.cpp, line 759]
Event: 8.342 Thread 0x00000211531e93c0 Exception <a 'java/lang/NoSuchMethodError'{0x00000000ffc74388}: 'java.lang.Object java.lang.invoke.DirectMethodHandle$Holder.invokeVirtual(java.lang.Object, java.lang.Object, java.lang.Object, java.lang.Object)'> (0x00000000ffc74388) 
thrown [s\open\src\hotspot\share\interpreter\linkResolver.cpp, line 759]
Event: 8.353 Thread 0x00000211531e93c0 Exception <a 'java/lang/NoSuchMethodError'{0x00000000ffcfcd28}: 'java.lang.Object java.lang.invoke.DirectMethodHandle$Holder.invokeVirtual(java.lang.Object, java.lang.Object, java.lang.Object, java.lang.Object, java.lang.Object, java.lang.Object)'> (0x00000000ffcfcd28) 
thrown [s\open\src\hotspot\share\interpreter\linkResolver.cpp, line 759]
Event: 8.429 Thread 0x00000211531e93c0 Exception <a 'java/lang/NoSuchMethodError'{0x00000000ff9afd78}: 'java.lang.Object java.lang.invoke.DirectMethodHandle$Holder.invokeStaticInit(java.lang.Object)'> (0x00000000ff9afd78) 
thrown [s\open\src\hotspot\share\interpreter\linkResolver.cpp, line 759]
Event: 8.469 Thread 0x00000211531e93c0 Exception <a 'java/lang/NoSuchMethodError'{0x00000000ff8f0270}: 'java.lang.Object java.lang.invoke.DirectMethodHandle$Holder.invokeVirtual(java.lang.Object, java.lang.Object, java.lang.Object, java.lang.Object, java.lang.Object)'> (0x00000000ff8f0270) 
thrown [s\open\src\hotspot\share\interpreter\linkResolver.cpp, line 759]
Event: 8.470 Thread 0x00000211531e93c0 Exception <a 'java/lang/NoSuchMethodError'{0x00000000ff704ca8}: 'java.lang.Object java.lang.invoke.Invokers$Holder.invokeExact_MT(java.lang.Object, java.lang.Object, java.lang.Object, java.lang.Object, java.lang.Object, java.lang.Object)'> (0x00000000ff704ca8) 
thrown [s\open\src\hotspot\share\interpreter\linkResolver.cpp, line 759]
Event: 8.495 Thread 0x00000211531e93c0 Exception <a 'java/lang/NoSuchMethodError'{0x00000000ff680fa8}: 'java.lang.Object java.lang.invoke.DirectMethodHandle$Holder.invokeVirtual(java.lang.Object, java.lang.Object, java.lang.Object, java.lang.Object, java.lang.Object, java.lang.Object, java.lang.Object, java.lang.Object)'> (0x00000000ff680fa8) 
thrown [s\open\src\hotspot\share\interpreter\linkResolver.cpp, line 759]
Event: 8.495 Thread 0x00000211531e93c0 Exception <a 'java/lang/NoSuchMethodError'{0x00000000ff686498}: 'java.lang.Object java.lang.invoke.DirectMethodHandle$Holder.invokeSpecial(java.lang.Object, java.lang.Object, java.lang.Object, java.lang.Object, java.lang.Object, java.lang.Object, java.lang.Object, java.lang.Object, java.lang.Object)'> (0x00000000ff686498) 
thrown [s\open\src\hotspot\share\interpreter\linkResolver.cpp, line 759]
Event: 8.510 Thread 0x00000211531e93c0 Exception <a 'java/lang/NoSuchMethodError'{0x00000000ff5af750}: 'java.lang.Object java.lang.invoke.DirectMethodHandle$Holder.invokeStaticInit(java.lang.Object, int, int, int, int)'> (0x00000000ff5af750) 
thrown [s\open\src\hotspot\share\interpreter\linkResolver.cpp, line 759]
Event: 8.554 Thread 0x00000211531e93c0 Exception <a 'java/lang/NoSuchMethodError'{0x00000000ff5fb638}: 'java.lang.Object java.lang.invoke.DirectMethodHandle$Holder.invokeStaticInit(java.lang.Object, java.lang.Object, int, int, int, int)'> (0x00000000ff5fb638) 
thrown [s\open\src\hotspot\share\interpreter\linkResolver.cpp, line 759]
Event: 8.731 Thread 0x00000211531e93c0 Implicit null exception at 0x00000211626260d2 to 0x0000021162626610
Event: 8.732 Thread 0x00000211531e93c0 Implicit null exception at 0x0000021162631ad2 to 0x0000021162632000
Event: 8.738 Thread 0x00000211531e93c0 Exception <a 'java/lang/NoSuchMethodError'{0x00000000ff4eb1c0}: 'void java.lang.invoke.DirectMethodHandle$Holder.invokeInterface(java.lang.Object, java.lang.Object, java.lang.Object)'> (0x00000000ff4eb1c0) 
thrown [s\open\src\hotspot\share\interpreter\linkResolver.cpp, line 759]
Event: 8.756 Thread 0x00000211531e93c0 Exception <a 'java/net/ConnectException'{0x00000000ff4f5f18}: Connection refused: no further information> (0x00000000ff4f5f18) 
thrown [s\open\src\hotspot\share\prims\jni.cpp, line 535]

VM Operations (20 events):
Event: 8.149 Executing VM operation: HandshakeAllThreads
Event: 8.149 Executing VM operation: HandshakeAllThreads done
Event: 8.243 Executing VM operation: HandshakeAllThreads
Event: 8.243 Executing VM operation: HandshakeAllThreads done
Event: 8.243 Executing VM operation: HandshakeAllThreads
Event: 8.243 Executing VM operation: HandshakeAllThreads done
Event: 8.263 Executing VM operation: HandshakeAllThreads
Event: 8.263 Executing VM operation: HandshakeAllThreads done
Event: 8.263 Executing VM operation: Cleanup
Event: 8.263 Executing VM operation: Cleanup done
Event: 8.268 Executing VM operation: G1CollectForAllocation
Event: 8.276 Executing VM operation: G1CollectForAllocation done
Event: 8.336 Executing VM operation: HandshakeAllThreads
Event: 8.336 Executing VM operation: HandshakeAllThreads done
Event: 8.483 Executing VM operation: HandshakeAllThreads
Event: 8.483 Executing VM operation: HandshakeAllThreads done
Event: 8.551 Executing VM operation: HandshakeAllThreads
Event: 8.551 Executing VM operation: HandshakeAllThreads done
Event: 8.822 Executing VM operation: HandshakeAllThreads
Event: 8.822 Executing VM operation: HandshakeAllThreads done

Events (20 events):
Event: 0.021 Thread 0x000002116c9e0a90 Thread added: 0x000002116c9e0a90
Event: 0.021 Thread 0x000002116c9e1340 Thread added: 0x000002116c9e1340
Event: 0.021 Thread 0x000002116c9e1ce0 Thread added: 0x000002116c9e1ce0
Event: 0.021 Thread 0x000002116c9e29b0 Thread added: 0x000002116c9e29b0
Event: 0.022 Thread 0x000002116c9ee8a0 Thread added: 0x000002116c9ee8a0
Event: 0.022 Thread 0x000002116c9f01a0 Thread added: 0x000002116c9f01a0
Event: 0.033 Thread 0x0000021170c44da0 Thread added: 0x0000021170c44da0
Event: 0.035 Thread 0x0000021170c492f0 Thread added: 0x0000021170c492f0
Event: 0.037 Loaded shared library C:\Program Files\Java\jdk-18.0.2.1\bin\net.dll
Event: 0.038 Loaded shared library C:\Program Files\Java\jdk-18.0.2.1\bin\nio.dll
Event: 0.041 Loaded shared library C:\Program Files\Java\jdk-18.0.2.1\bin\zip.dll
Event: 6.431 Loaded shared library C:\Program Files\Java\jdk-18.0.2.1\bin\jimage.dll
Event: 7.959 Loaded shared library C:\Program Files\Java\jdk-18.0.2.1\bin\verify.dll
Event: 8.192 Thread 0x000002116ca4fa60 Thread added: 0x000002116ca4fa60
Event: 8.283 Loaded shared library C:\Users\duykhanh\.gradle\native\68d5fa5c4cc2d200863cafc0d521ce42e7d3e7ee720ec0a83991735586a16f82\windows-amd64\native-platform.dll
Event: 8.302 Thread 0x0000021171469e10 Thread added: 0x0000021171469e10
Event: 8.430 Loaded shared library C:\Program Files\Java\jdk-18.0.2.1\bin\management.dll
Event: 8.433 Loaded shared library C:\Program Files\Java\jdk-18.0.2.1\bin\management_ext.dll
Event: 8.729 Thread 0x000002116ca4fa60 Thread exited: 0x000002116ca4fa60
Event: 8.890 Thread 0x000002117167c0a0 Thread added: 0x000002117167c0a0


Dynamic libraries:
0x00007ff75f6f0000 - 0x00007ff75f700000 	C:\Program Files\Java\jdk-18.0.2.1\bin\java.exe
0x00007ffbf73e0000 - 0x00007ffbf75e9000 	C:\WINDOWS\SYSTEM32\ntdll.dll
0x00007ffbf60c0000 - 0x00007ffbf617e000 	C:\WINDOWS\System32\KERNEL32.DLL
0x00007ffbf4cf0000 - 0x00007ffbf506c000 	C:\WINDOWS\System32\KERNELBASE.dll
0x00007ffbf48e0000 - 0x00007ffbf49f1000 	C:\WINDOWS\System32\ucrtbase.dll
0x00007ffbef060000 - 0x00007ffbef07a000 	C:\Program Files\Java\jdk-18.0.2.1\bin\VCRUNTIME140.dll
0x00007ffbef080000 - 0x00007ffbef098000 	C:\Program Files\Java\jdk-18.0.2.1\bin\jli.dll
0x00007ffbf5fb0000 - 0x00007ffbf605e000 	C:\WINDOWS\System32\ADVAPI32.dll
0x00007ffbf72f0000 - 0x00007ffbf7393000 	C:\WINDOWS\System32\msvcrt.dll
0x00007ffbf6dc0000 - 0x00007ffbf6e5e000 	C:\WINDOWS\System32\sechost.dll
0x00007ffbf6b40000 - 0x00007ffbf6c60000 	C:\WINDOWS\System32\RPCRT4.dll
0x00007ffbf6680000 - 0x00007ffbf682d000 	C:\WINDOWS\System32\USER32.dll
0x00007ffbdc3a0000 - 0x00007ffbdc645000 	C:\WINDOWS\WinSxS\amd64_microsoft.windows.common-controls_6595b64144ccf1df_6.0.22000.120_none_9d947278b86cc467\COMCTL32.dll
0x00007ffbf48b0000 - 0x00007ffbf48d6000 	C:\WINDOWS\System32\win32u.dll
0x00007ffbf6ed0000 - 0x00007ffbf6ef9000 	C:\WINDOWS\System32\GDI32.dll
0x00007ffbf4b10000 - 0x00007ffbf4c28000 	C:\WINDOWS\System32\gdi32full.dll
0x00007ffbf4a00000 - 0x00007ffbf4a9d000 	C:\WINDOWS\System32\msvcp_win.dll
0x00007ffbef450000 - 0x00007ffbef45a000 	C:\WINDOWS\SYSTEM32\VERSION.dll
0x00007ffbf5f50000 - 0x00007ffbf5f82000 	C:\WINDOWS\System32\IMM32.DLL
0x00007ffbf0940000 - 0x00007ffbf094c000 	C:\Program Files\Java\jdk-18.0.2.1\bin\vcruntime140_1.dll
0x00007ffbe3330000 - 0x00007ffbe33bd000 	C:\Program Files\Java\jdk-18.0.2.1\bin\msvcp140.dll
0x00007ffb73820000 - 0x00007ffb74431000 	C:\Program Files\Java\jdk-18.0.2.1\bin\server\jvm.dll
0x00007ffbf5f40000 - 0x00007ffbf5f48000 	C:\WINDOWS\System32\PSAPI.DLL
0x00007ffbeee70000 - 0x00007ffbeeea3000 	C:\WINDOWS\SYSTEM32\WINMM.dll
0x00007ffbdee60000 - 0x00007ffbdee69000 	C:\WINDOWS\SYSTEM32\WSOCK32.dll
0x00007ffbf6c60000 - 0x00007ffbf6ccf000 	C:\WINDOWS\System32\WS2_32.dll
0x00007ffbf3a20000 - 0x00007ffbf3a38000 	C:\WINDOWS\SYSTEM32\kernel.appcore.dll
0x00007ffbef050000 - 0x00007ffbef05a000 	C:\Program Files\Java\jdk-18.0.2.1\bin\jimage.dll
0x00007ffbf2510000 - 0x00007ffbf2731000 	C:\WINDOWS\SYSTEM32\DBGHELP.DLL
0x00007ffbdd2f0000 - 0x00007ffbdd321000 	C:\WINDOWS\SYSTEM32\dbgcore.DLL
0x00007ffbf5070000 - 0x00007ffbf50ef000 	C:\WINDOWS\System32\bcryptPrimitives.dll
0x00007ffbef020000 - 0x00007ffbef045000 	C:\Program Files\Java\jdk-18.0.2.1\bin\java.dll
0x00007ffbe3250000 - 0x00007ffbe3326000 	C:\Program Files\Java\jdk-18.0.2.1\bin\jsvml.dll
0x00007ffbf5260000 - 0x00007ffbf5a25000 	C:\WINDOWS\System32\SHELL32.dll
0x00007ffbf29a0000 - 0x00007ffbf3205000 	C:\WINDOWS\SYSTEM32\windows.storage.dll
0x00007ffbf6290000 - 0x00007ffbf6608000 	C:\WINDOWS\System32\combase.dll
0x00007ffbf2830000 - 0x00007ffbf2996000 	C:\WINDOWS\SYSTEM32\wintypes.dll
0x00007ffbf7200000 - 0x00007ffbf72ea000 	C:\WINDOWS\System32\SHCORE.dll
0x00007ffbf6230000 - 0x00007ffbf628d000 	C:\WINDOWS\System32\shlwapi.dll
0x00007ffbf47e0000 - 0x00007ffbf4801000 	C:\WINDOWS\SYSTEM32\profapi.dll
0x00007ffbe3230000 - 0x00007ffbe3243000 	C:\Program Files\Java\jdk-18.0.2.1\bin\net.dll
0x00007ffbef0a0000 - 0x00007ffbef1b4000 	C:\WINDOWS\SYSTEM32\WINHTTP.dll
0x00007ffbf3ec0000 - 0x00007ffbf3f27000 	C:\WINDOWS\system32\mswsock.dll
0x00007ffbe3210000 - 0x00007ffbe3226000 	C:\Program Files\Java\jdk-18.0.2.1\bin\nio.dll
0x00007ffbe31f0000 - 0x00007ffbe3208000 	C:\Program Files\Java\jdk-18.0.2.1\bin\zip.dll
0x00007ffbdd9c0000 - 0x00007ffbdd9d0000 	C:\Program Files\Java\jdk-18.0.2.1\bin\verify.dll
0x00007ffbf0950000 - 0x00007ffbf0977000 	C:\Users\duykhanh\.gradle\native\68d5fa5c4cc2d200863cafc0d521ce42e7d3e7ee720ec0a83991735586a16f82\windows-amd64\native-platform.dll
0x00007ffbe30a0000 - 0x00007ffbe30a9000 	C:\Program Files\Java\jdk-18.0.2.1\bin\management.dll
0x00007ffbe3090000 - 0x00007ffbe309b000 	C:\Program Files\Java\jdk-18.0.2.1\bin\management_ext.dll
0x00007ffbf4100000 - 0x00007ffbf4118000 	C:\WINDOWS\SYSTEM32\CRYPTSP.dll
0x00007ffbf3980000 - 0x00007ffbf39b5000 	C:\WINDOWS\system32\rsaenh.dll
0x00007ffbf3fb0000 - 0x00007ffbf3fd9000 	C:\WINDOWS\SYSTEM32\USERENV.dll
0x00007ffbf4290000 - 0x00007ffbf42b7000 	C:\WINDOWS\SYSTEM32\bcrypt.dll
0x00007ffbf4120000 - 0x00007ffbf412c000 	C:\WINDOWS\SYSTEM32\CRYPTBASE.dll
0x00007ffbf3550000 - 0x00007ffbf357d000 	C:\WINDOWS\SYSTEM32\IPHLPAPI.DLL
0x00007ffbf6ec0000 - 0x00007ffbf6ec9000 	C:\WINDOWS\System32\NSI.dll
0x00007ffbeed90000 - 0x00007ffbeeda9000 	C:\WINDOWS\SYSTEM32\dhcpcsvc6.DLL
0x00007ffbef7f0000 - 0x00007ffbef80e000 	C:\WINDOWS\SYSTEM32\dhcpcsvc.DLL
0x00007ffbf3580000 - 0x00007ffbf3668000 	C:\WINDOWS\SYSTEM32\DNSAPI.dll

dbghelp: loaded successfully - version: 4.0.5 - missing functions: none
symbol engine: initialized successfully - sym options: 0x614 - pdb path: .;C:\Program Files\Java\jdk-18.0.2.1\bin;C:\WINDOWS\SYSTEM32;C:\WINDOWS\WinSxS\amd64_microsoft.windows.common-controls_6595b64144ccf1df_6.0.22000.120_none_9d947278b86cc467;C:\Program Files\Java\jdk-18.0.2.1\bin\server;C:\Users\duykhanh\.gradle\native\68d5fa5c4cc2d200863cafc0d521ce42e7d3e7ee720ec0a83991735586a16f82\windows-amd64

VM Arguments:
jvm_args: -Xmx64m -Xms64m -Dorg.gradle.appname=gradlew 
java_command: org.gradle.wrapper.GradleWrapperMain app:installDebug -PreactNativeDevServerPort=8081
java_class_path (initial): C:\Users\duykhanh\Downloads\project\Aloca-Application\android\\gradle\wrapper\gradle-wrapper.jar
Launcher Type: SUN_STANDARD

[Global flags]
     intx CICompilerCount                          = 4                                         {product} {ergonomic}
     uint ConcGCThreads                            = 2                                         {product} {ergonomic}
     uint G1ConcRefinementThreads                  = 8                                         {product} {ergonomic}
   size_t G1HeapRegionSize                         = 1048576                                   {product} {ergonomic}
    uintx GCDrainStackTargetSize                   = 64                                        {product} {ergonomic}
   size_t InitialHeapSize                          = 67108864                                  {product} {command line}
   size_t MarkStackSize                            = 4194304                                   {product} {ergonomic}
   size_t MaxHeapSize                              = 67108864                                  {product} {command line}
   size_t MaxNewSize                               = 39845888                                  {product} {ergonomic}
   size_t MinHeapDeltaBytes                        = 1048576                                   {product} {ergonomic}
   size_t MinHeapSize                              = 67108864                                  {product} {command line}
    uintx NonNMethodCodeHeapSize                   = 5839372                                {pd product} {ergonomic}
    uintx NonProfiledCodeHeapSize                  = 122909434                              {pd product} {ergonomic}
    uintx ProfiledCodeHeapSize                     = 122909434                              {pd product} {ergonomic}
    uintx ReservedCodeCacheSize                    = 251658240                              {pd product} {ergonomic}
     bool SegmentedCodeCache                       = true                                      {product} {ergonomic}
   size_t SoftMaxHeapSize                          = 67108864                               {manageable} {ergonomic}
     bool UseCompressedClassPointers               = true                           {product lp64_product} {ergonomic}
     bool UseCompressedOops                        = true                           {product lp64_product} {ergonomic}
     bool UseG1GC                                  = true                                      {product} {ergonomic}
     bool UseLargePagesIndividualAllocation        = false                                  {pd product} {ergonomic}

Logging:
Log output configuration:
 #0: stdout all=warning uptime,level,tags foldmultilines=false
 #1: stderr all=off uptime,level,tags foldmultilines=false

Environment Variables:
JAVA_HOME=C:\Program Files\Java\jdk-18.0.2.1
CLASSPATH=C:\Users\duykhanh\Downloads\project\Aloca-Application\android\\gradle\wrapper\gradle-wrapper.jar
PATH=C:\Users\duykhanh\Downloads\project\Aloca-Application\node_modules\.bin;C:\Users\duykhanh\Downloads\project\Aloca-Application\node_modules\.bin;C:\Users\duykhanh\Downloads\project\node_modules\.bin;C:\Users\duykhanh\Downloads\node_modules\.bin;C:\Users\duykhanh\node_modules\.bin;C:\Users\node_modules\.bin;C:\node_modules\.bin;C:\Users\duykhanh\AppData\Roaming\npm\node_modules\npm\node_modules\@npmcli\run-script\lib\node-gyp-bin;C:\Users\duykhanh\Downloads\project\Aloca-Application\node_modules\.bin;C:\Users\duykhanh\Downloads\project\node_modules\.bin;C:\Users\duykhanh\Downloads\node_modules\.bin;C:\Users\duykhanh\node_modules\.bin;C:\Users\node_modules\.bin;C:\node_modules\.bin;C:\Users\duykhanh\AppData\Roaming\npm\node_modules\npm\node_modules\@npmcli\run-script\lib\node-gyp-bin;C:\Program Files\Common Files\Oracle\Java\javapath;C:\Windows\system32;C:\Windows;C:\Windows\System32\Wbem;C:\Windows\System32\WindowsPowerShell\v1.0\;C:\Windows\System32\OpenSSH\;C:\WINDOWS\system32;C:\WINDOWS;C:\WINDOWS\System32\Wbem;C:\WINDOWS\System32\WindowsPowerShell\v1.0\;C:\WINDOWS\System32\OpenSSH\;C:\Program Files\Git\cmd;C:\Program Files\nodejs\;C:\composer;C:\Program Files\Microsoft SQL Server\150\Tools\Binn\;C:\Program Files\Microsoft SQL Server\Client SDK\ODBC\170\Tools\Binn\;C:\Program Files\dotnet\;C:\Program Files (x86)\Microsoft SQL Server\160\Tools\Binn\;C:\Program Files\Microsoft SQL Server\160\Tools\Binn\;C:\Program Files\Microsoft SQL Server\160\DTS\Binn\;C:\Program Files (x86)\Microsoft SQL Server\160\DTS\Binn\;C:\Program Files\Azure Data Studio\bin;C:\xampp\php;C:\Program Files\Docker\Docker\resources\bin;C:\Program Files\Redis;C:\Users\duykhanh\AppData\Local\Android\Sdk\platform-tools;C:\Users\duykhanh\AppData\Local\Android\Sdk\tools;C:\Users\duykhanh\AppData\Local\Android\Sdk\platform-tools;C:\Users\duykhanh\AppData\Local\Android\Sdk\tools;C:\Users\duykhanh\AppData\Local\jdk-11.0.2\bin;C:\Users\duykhanh\AppData\Local\Programs\Python\Python311\Scripts\;C:\Users\duykhanh\AppData\Local\Programs\Python\Python311\;C:\Program Files\MySQL\MySQL Shell 8.0\bin\;C:\Users\duykhanh\AppData\Local\Microsoft\WindowsApps;C:\Users\duykhanh\AppData\Local\Programs\Microsoft VS Code\bin;C:\Users\duykhanh\AppData\Roaming\npm;C:\Users\duykhanh\AppData\Roaming\Composer\vendor\bin;C:\Users\duykhanh\.dotnet\tools;C:\Program Files\Azure Data Studio\bin;C:\xampp\php;
USERNAME=duykhanh
LANG=en_US.UTF-8
OS=Windows_NT
PROCESSOR_IDENTIFIER=Intel64 Family 6 Model 165 Stepping 2, GenuineIntel



---------------  S Y S T E M  ---------------

OS:
 Windows 11 , 64 bit Build 22000 (10.0.22000.1516)
OS uptime: 0 days 10:42 hours

CPU: total 8 (initial active 8) (4 cores per cpu, 2 threads per core) family 6 model 165 stepping 2 microcode 0xe0, cx8, cmov, fxsr, ht, mmx, 3dnowpref, sse, sse2, sse3, ssse3, sse4.1, sse4.2, popcnt, lzcnt, tsc, tscinvbit, avx, avx2, aes, erms, clmul, bmi1, bmi2, adx, fma, vzeroupper, clflush, clflushopt

Memory: 4k page, system-wide physical 8029M (625M free)
TotalPageFile size 32605M (AvailPageFile size 0M)
current process WorkingSet (physical memory assigned to process): 89M, peak: 89M
current process commit charge ("private bytes"): 164M, peak: 165M

vm_info: Java HotSpot(TM) 64-Bit Server VM (18.0.2.1+1-1) for windows-amd64 JRE (18.0.2.1+1-1), built on Aug 16 2022 01:46:33 by "mach5one" with MS VC++ 16.8 / 16.9 (VS2019)

END.
